<?xml version="1.0" encoding="UTF-8"?>
<testsuite xmlns:xsi="http://www.w3.org/2001/XMLSchema-instance" xsi:noNamespaceSchemaLocation="https://maven.apache.org/surefire/maven-surefire-plugin/xsd/surefire-test-report-3.0.xsd" version="3.0" name="cn.edu.nju.software.naivetest.TestParseTree" time="0.004" tests="1" errors="0" skipped="0" failures="0">
  <properties>
    <property name="java.specification.version" value="17"/>
    <property name="sun.jnu.encoding" value="UTF-8"/>
    <property name="java.class.path" value="/home/wangchenyang/compilers/target/test-classes:/home/wangchenyang/compilers/target/classes:/home/wangchenyang/.m2/repository/org/antlr/antlr4/4.12.0/antlr4-4.12.0.jar:/home/wangchenyang/.m2/repository/org/antlr/antlr4-runtime/4.12.0/antlr4-runtime-4.12.0.jar:/home/wangchenyang/.m2/repository/org/antlr/antlr-runtime/3.5.3/antlr-runtime-3.5.3.jar:/home/wangchenyang/.m2/repository/org/antlr/ST4/4.3.4/ST4-4.3.4.jar:/home/wangchenyang/.m2/repository/org/abego/treelayout/org.abego.treelayout.core/1.0.3/org.abego.treelayout.core-1.0.3.jar:/home/wangchenyang/.m2/repository/com/ibm/icu/icu4j/71.1/icu4j-71.1.jar:/home/wangchenyang/.m2/repository/junit/junit/4.13.2/junit-4.13.2.jar:/home/wangchenyang/.m2/repository/org/hamcrest/hamcrest-core/1.3/hamcrest-core-1.3.jar:/home/wangchenyang/.m2/repository/org/junit/jupiter/junit-jupiter/5.11.0-M2/junit-jupiter-5.11.0-M2.jar:/home/wangchenyang/.m2/repository/org/junit/jupiter/junit-jupiter-api/5.11.0-M2/junit-jupiter-api-5.11.0-M2.jar:/home/wangchenyang/.m2/repository/org/opentest4j/opentest4j/1.3.0/opentest4j-1.3.0.jar:/home/wangchenyang/.m2/repository/org/junit/platform/junit-platform-commons/1.11.0-M2/junit-platform-commons-1.11.0-M2.jar:/home/wangchenyang/.m2/repository/org/apiguardian/apiguardian-api/1.1.2/apiguardian-api-1.1.2.jar:/home/wangchenyang/.m2/repository/org/junit/jupiter/junit-jupiter-params/5.11.0-M2/junit-jupiter-params-5.11.0-M2.jar:/home/wangchenyang/.m2/repository/org/junit/jupiter/junit-jupiter-engine/5.11.0-M2/junit-jupiter-engine-5.11.0-M2.jar:/home/wangchenyang/.m2/repository/org/junit/platform/junit-platform-engine/1.11.0-M2/junit-platform-engine-1.11.0-M2.jar:"/>
    <property name="java.vm.vendor" value="Ubuntu"/>
    <property name="sun.arch.data.model" value="64"/>
    <property name="java.vendor.url" value="https://ubuntu.com/"/>
    <property name="os.name" value="Linux"/>
    <property name="java.vm.specification.version" value="17"/>
    <property name="sun.java.launcher" value="SUN_STANDARD"/>
    <property name="sun.boot.library.path" value="/usr/lib/jvm/java-17-openjdk-amd64/lib"/>
    <property name="sun.java.command" value="/home/wangchenyang/compilers/target/surefire/surefirebooter-20240724230549893_3.jar /home/wangchenyang/compilers/target/surefire 2024-07-24T23-05-49_589-jvmRun1 surefire-20240724230549893_1tmp surefire_0-20240724230549893_2tmp"/>
    <property name="jdk.debug" value="release"/>
    <property name="surefire.test.class.path" value="/home/wangchenyang/compilers/target/test-classes:/home/wangchenyang/compilers/target/classes:/home/wangchenyang/.m2/repository/org/antlr/antlr4/4.12.0/antlr4-4.12.0.jar:/home/wangchenyang/.m2/repository/org/antlr/antlr4-runtime/4.12.0/antlr4-runtime-4.12.0.jar:/home/wangchenyang/.m2/repository/org/antlr/antlr-runtime/3.5.3/antlr-runtime-3.5.3.jar:/home/wangchenyang/.m2/repository/org/antlr/ST4/4.3.4/ST4-4.3.4.jar:/home/wangchenyang/.m2/repository/org/abego/treelayout/org.abego.treelayout.core/1.0.3/org.abego.treelayout.core-1.0.3.jar:/home/wangchenyang/.m2/repository/com/ibm/icu/icu4j/71.1/icu4j-71.1.jar:/home/wangchenyang/.m2/repository/junit/junit/4.13.2/junit-4.13.2.jar:/home/wangchenyang/.m2/repository/org/hamcrest/hamcrest-core/1.3/hamcrest-core-1.3.jar:/home/wangchenyang/.m2/repository/org/junit/jupiter/junit-jupiter/5.11.0-M2/junit-jupiter-5.11.0-M2.jar:/home/wangchenyang/.m2/repository/org/junit/jupiter/junit-jupiter-api/5.11.0-M2/junit-jupiter-api-5.11.0-M2.jar:/home/wangchenyang/.m2/repository/org/opentest4j/opentest4j/1.3.0/opentest4j-1.3.0.jar:/home/wangchenyang/.m2/repository/org/junit/platform/junit-platform-commons/1.11.0-M2/junit-platform-commons-1.11.0-M2.jar:/home/wangchenyang/.m2/repository/org/apiguardian/apiguardian-api/1.1.2/apiguardian-api-1.1.2.jar:/home/wangchenyang/.m2/repository/org/junit/jupiter/junit-jupiter-params/5.11.0-M2/junit-jupiter-params-5.11.0-M2.jar:/home/wangchenyang/.m2/repository/org/junit/jupiter/junit-jupiter-engine/5.11.0-M2/junit-jupiter-engine-5.11.0-M2.jar:/home/wangchenyang/.m2/repository/org/junit/platform/junit-platform-engine/1.11.0-M2/junit-platform-engine-1.11.0-M2.jar:"/>
    <property name="sun.cpu.endian" value="little"/>
    <property name="user.home" value="/home/wangchenyang"/>
    <property name="user.language" value="en"/>
    <property name="java.specification.vendor" value="Oracle Corporation"/>
    <property name="java.version.date" value="2024-04-16"/>
    <property name="java.home" value="/usr/lib/jvm/java-17-openjdk-amd64"/>
    <property name="file.separator" value="/"/>
    <property name="basedir" value="/home/wangchenyang/compilers"/>
    <property name="java.vm.compressedOopsMode" value="32-bit"/>
    <property name="line.separator" value="&#10;"/>
    <property name="java.vm.specification.vendor" value="Oracle Corporation"/>
    <property name="java.specification.name" value="Java Platform API Specification"/>
    <property name="surefire.real.class.path" value="/home/wangchenyang/compilers/target/surefire/surefirebooter-20240724230549893_3.jar"/>
    <property name="sun.management.compiler" value="HotSpot 64-Bit Tiered Compilers"/>
    <property name="java.runtime.version" value="17.0.11+9-Ubuntu-122.04.1"/>
    <property name="user.name" value="wangchenyang"/>
    <property name="path.separator" value=":"/>
    <property name="os.version" value="5.15.153.1-microsoft-standard-WSL2"/>
    <property name="java.runtime.name" value="OpenJDK Runtime Environment"/>
    <property name="file.encoding" value="UTF-8"/>
    <property name="java.vm.name" value="OpenJDK 64-Bit Server VM"/>
    <property name="maven.ext.class.path" value="/mnt/d/software/Toolbox/IntelliJ IDEA Ultimate/plugins/maven/lib/maven-event-listener.jar"/>
    <property name="localRepository" value="/home/wangchenyang/.m2/repository"/>
    <property name="java.vendor.url.bug" value="https://bugs.launchpad.net/ubuntu/+source/openjdk-17"/>
    <property name="java.io.tmpdir" value="/tmp"/>
    <property name="java.version" value="17.0.11"/>
    <property name="user.dir" value="/home/wangchenyang/compilers"/>
    <property name="os.arch" value="amd64"/>
    <property name="java.vm.specification.name" value="Java Virtual Machine Specification"/>
    <property name="native.encoding" value="UTF-8"/>
    <property name="java.library.path" value="/usr/java/packages/lib:/usr/lib/x86_64-linux-gnu/jni:/lib/x86_64-linux-gnu:/usr/lib/x86_64-linux-gnu:/usr/lib/jni:/lib:/usr/lib"/>
    <property name="java.vm.info" value="mixed mode, sharing"/>
    <property name="java.vendor" value="Ubuntu"/>
    <property name="java.vm.version" value="17.0.11+9-Ubuntu-122.04.1"/>
    <property name="sun.io.unicode.encoding" value="UnicodeLittle"/>
    <property name="java.class.version" value="61.0"/>
  </properties>
  <testcase name="test" classname="cn.edu.nju.software.naivetest.TestParseTree" time="0.003">
    <system-err><![CDATA[java.io.IOException: No such file or directory
	at java.base/java.io.UnixFileSystem.createFileExclusively(Native Method)
	at java.base/java.io.File.createNewFile(File.java:1043)
	at cn.edu.nju.software.ir.module.ModuleRef.dumpToFile(ModuleRef.java:131)
	at cn.edu.nju.software.Main.execute(Main.java:91)
	at cn.edu.nju.software.Main.lambda$main$0(Main.java:29)
	at java.base/java.lang.Thread.run(Thread.java:840)
java.io.FileNotFoundException: output/add.ll (No such file or directory)
	at java.base/java.io.FileOutputStream.open0(Native Method)
	at java.base/java.io.FileOutputStream.open(FileOutputStream.java:293)
	at java.base/java.io.FileOutputStream.<init>(FileOutputStream.java:235)
	at java.base/java.io.FileOutputStream.<init>(FileOutputStream.java:123)
	at cn.edu.nju.software.ir.module.ModuleRef.dumpToFile(ModuleRef.java:138)
	at cn.edu.nju.software.Main.execute(Main.java:91)
	at cn.edu.nju.software.Main.lambda$main$0(Main.java:29)
	at java.base/java.lang.Thread.run(Thread.java:840)
]]></system-err>
  </testcase>
</testsuite>