<?xml version="1.0" encoding="UTF-8"?>
<testsuite xmlns:xsi="http://www.w3.org/2001/XMLSchema-instance" xsi:noNamespaceSchemaLocation="https://maven.apache.org/surefire/maven-surefire-plugin/xsd/surefire-test-report-3.0.xsd" version="3.0" name="cn.edu.nju.software.naivetest.TestFrontEnd" time="3.937" tests="13" errors="0" skipped="0" failures="5">
  <properties>
    <property name="java.specification.version" value="17"/>
    <property name="sun.jnu.encoding" value="UTF-8"/>
    <property name="java.class.path" value="/home/wangchenyang/compilers/target/test-classes:/home/wangchenyang/compilers/target/classes:/home/wangchenyang/.m2/repository/org/antlr/antlr4/4.12.0/antlr4-4.12.0.jar:/home/wangchenyang/.m2/repository/org/antlr/antlr4-runtime/4.12.0/antlr4-runtime-4.12.0.jar:/home/wangchenyang/.m2/repository/org/antlr/antlr-runtime/3.5.3/antlr-runtime-3.5.3.jar:/home/wangchenyang/.m2/repository/org/antlr/ST4/4.3.4/ST4-4.3.4.jar:/home/wangchenyang/.m2/repository/org/abego/treelayout/org.abego.treelayout.core/1.0.3/org.abego.treelayout.core-1.0.3.jar:/home/wangchenyang/.m2/repository/com/ibm/icu/icu4j/71.1/icu4j-71.1.jar:/home/wangchenyang/.m2/repository/junit/junit/4.13.2/junit-4.13.2.jar:/home/wangchenyang/.m2/repository/org/hamcrest/hamcrest-core/1.3/hamcrest-core-1.3.jar:/home/wangchenyang/.m2/repository/org/junit/jupiter/junit-jupiter/5.11.0-M2/junit-jupiter-5.11.0-M2.jar:/home/wangchenyang/.m2/repository/org/junit/jupiter/junit-jupiter-api/5.11.0-M2/junit-jupiter-api-5.11.0-M2.jar:/home/wangchenyang/.m2/repository/org/opentest4j/opentest4j/1.3.0/opentest4j-1.3.0.jar:/home/wangchenyang/.m2/repository/org/junit/platform/junit-platform-commons/1.11.0-M2/junit-platform-commons-1.11.0-M2.jar:/home/wangchenyang/.m2/repository/org/apiguardian/apiguardian-api/1.1.2/apiguardian-api-1.1.2.jar:/home/wangchenyang/.m2/repository/org/junit/jupiter/junit-jupiter-params/5.11.0-M2/junit-jupiter-params-5.11.0-M2.jar:/home/wangchenyang/.m2/repository/org/junit/jupiter/junit-jupiter-engine/5.11.0-M2/junit-jupiter-engine-5.11.0-M2.jar:/home/wangchenyang/.m2/repository/org/junit/platform/junit-platform-engine/1.11.0-M2/junit-platform-engine-1.11.0-M2.jar:"/>
    <property name="java.vm.vendor" value="Ubuntu"/>
    <property name="sun.arch.data.model" value="64"/>
    <property name="java.vendor.url" value="https://ubuntu.com/"/>
    <property name="os.name" value="Linux"/>
    <property name="java.vm.specification.version" value="17"/>
    <property name="sun.java.launcher" value="SUN_STANDARD"/>
    <property name="sun.boot.library.path" value="/usr/lib/jvm/java-17-openjdk-amd64/lib"/>
    <property name="sun.java.command" value="/home/wangchenyang/compilers/target/surefire/surefirebooter-20240724230549893_3.jar /home/wangchenyang/compilers/target/surefire 2024-07-24T23-05-49_589-jvmRun1 surefire-20240724230549893_1tmp surefire_0-20240724230549893_2tmp"/>
    <property name="jdk.debug" value="release"/>
    <property name="surefire.test.class.path" value="/home/wangchenyang/compilers/target/test-classes:/home/wangchenyang/compilers/target/classes:/home/wangchenyang/.m2/repository/org/antlr/antlr4/4.12.0/antlr4-4.12.0.jar:/home/wangchenyang/.m2/repository/org/antlr/antlr4-runtime/4.12.0/antlr4-runtime-4.12.0.jar:/home/wangchenyang/.m2/repository/org/antlr/antlr-runtime/3.5.3/antlr-runtime-3.5.3.jar:/home/wangchenyang/.m2/repository/org/antlr/ST4/4.3.4/ST4-4.3.4.jar:/home/wangchenyang/.m2/repository/org/abego/treelayout/org.abego.treelayout.core/1.0.3/org.abego.treelayout.core-1.0.3.jar:/home/wangchenyang/.m2/repository/com/ibm/icu/icu4j/71.1/icu4j-71.1.jar:/home/wangchenyang/.m2/repository/junit/junit/4.13.2/junit-4.13.2.jar:/home/wangchenyang/.m2/repository/org/hamcrest/hamcrest-core/1.3/hamcrest-core-1.3.jar:/home/wangchenyang/.m2/repository/org/junit/jupiter/junit-jupiter/5.11.0-M2/junit-jupiter-5.11.0-M2.jar:/home/wangchenyang/.m2/repository/org/junit/jupiter/junit-jupiter-api/5.11.0-M2/junit-jupiter-api-5.11.0-M2.jar:/home/wangchenyang/.m2/repository/org/opentest4j/opentest4j/1.3.0/opentest4j-1.3.0.jar:/home/wangchenyang/.m2/repository/org/junit/platform/junit-platform-commons/1.11.0-M2/junit-platform-commons-1.11.0-M2.jar:/home/wangchenyang/.m2/repository/org/apiguardian/apiguardian-api/1.1.2/apiguardian-api-1.1.2.jar:/home/wangchenyang/.m2/repository/org/junit/jupiter/junit-jupiter-params/5.11.0-M2/junit-jupiter-params-5.11.0-M2.jar:/home/wangchenyang/.m2/repository/org/junit/jupiter/junit-jupiter-engine/5.11.0-M2/junit-jupiter-engine-5.11.0-M2.jar:/home/wangchenyang/.m2/repository/org/junit/platform/junit-platform-engine/1.11.0-M2/junit-platform-engine-1.11.0-M2.jar:"/>
    <property name="sun.cpu.endian" value="little"/>
    <property name="user.home" value="/home/wangchenyang"/>
    <property name="user.language" value="en"/>
    <property name="java.specification.vendor" value="Oracle Corporation"/>
    <property name="java.version.date" value="2024-04-16"/>
    <property name="java.home" value="/usr/lib/jvm/java-17-openjdk-amd64"/>
    <property name="file.separator" value="/"/>
    <property name="basedir" value="/home/wangchenyang/compilers"/>
    <property name="java.vm.compressedOopsMode" value="32-bit"/>
    <property name="line.separator" value="&#10;"/>
    <property name="java.vm.specification.vendor" value="Oracle Corporation"/>
    <property name="java.specification.name" value="Java Platform API Specification"/>
    <property name="surefire.real.class.path" value="/home/wangchenyang/compilers/target/surefire/surefirebooter-20240724230549893_3.jar"/>
    <property name="sun.management.compiler" value="HotSpot 64-Bit Tiered Compilers"/>
    <property name="java.runtime.version" value="17.0.11+9-Ubuntu-122.04.1"/>
    <property name="user.name" value="wangchenyang"/>
    <property name="path.separator" value=":"/>
    <property name="os.version" value="5.15.153.1-microsoft-standard-WSL2"/>
    <property name="java.runtime.name" value="OpenJDK Runtime Environment"/>
    <property name="file.encoding" value="UTF-8"/>
    <property name="java.vm.name" value="OpenJDK 64-Bit Server VM"/>
    <property name="maven.ext.class.path" value="/mnt/d/software/Toolbox/IntelliJ IDEA Ultimate/plugins/maven/lib/maven-event-listener.jar"/>
    <property name="localRepository" value="/home/wangchenyang/.m2/repository"/>
    <property name="java.vendor.url.bug" value="https://bugs.launchpad.net/ubuntu/+source/openjdk-17"/>
    <property name="java.io.tmpdir" value="/tmp"/>
    <property name="java.version" value="17.0.11"/>
    <property name="user.dir" value="/home/wangchenyang/compilers"/>
    <property name="os.arch" value="amd64"/>
    <property name="java.vm.specification.name" value="Java Virtual Machine Specification"/>
    <property name="native.encoding" value="UTF-8"/>
    <property name="java.library.path" value="/usr/java/packages/lib:/usr/lib/x86_64-linux-gnu/jni:/lib/x86_64-linux-gnu:/usr/lib/x86_64-linux-gnu:/usr/lib/jni:/lib:/usr/lib"/>
    <property name="java.vm.info" value="mixed mode, sharing"/>
    <property name="java.vendor" value="Ubuntu"/>
    <property name="java.vm.version" value="17.0.11+9-Ubuntu-122.04.1"/>
    <property name="sun.io.unicode.encoding" value="UnicodeLittle"/>
    <property name="java.class.version" value="61.0"/>
  </properties>
  <testcase name="testAll(String)[1]" classname="cn.edu.nju.software.naivetest.TestFrontEnd" time="0.388">
    <system-err><![CDATA[1
]]></system-err>
  </testcase>
  <testcase name="testAll(String)[2]" classname="cn.edu.nju.software.naivetest.TestFrontEnd" time="0.764">
    <system-err><![CDATA[0
]]></system-err>
  </testcase>
  <testcase name="testAll(String)[3]" classname="cn.edu.nju.software.naivetest.TestFrontEnd" time="0.218">
    <system-err><![CDATA[36
]]></system-err>
  </testcase>
  <testcase name="testAll(String)[4]" classname="cn.edu.nju.software.naivetest.TestFrontEnd" time="0.207">
    <failure message="expected: &lt;true&gt; but was: &lt;false&gt;" type="org.opentest4j.AssertionFailedError"><![CDATA[org.opentest4j.AssertionFailedError: expected: <true> but was: <false>
	at org.junit.jupiter.api.AssertionFailureBuilder.build(AssertionFailureBuilder.java:151)
	at org.junit.jupiter.api.AssertionFailureBuilder.buildAndThrow(AssertionFailureBuilder.java:132)
	at org.junit.jupiter.api.AssertTrue.failNotTrue(AssertTrue.java:63)
	at org.junit.jupiter.api.AssertTrue.assertTrue(AssertTrue.java:36)
	at org.junit.jupiter.api.AssertTrue.assertTrue(AssertTrue.java:31)
	at org.junit.jupiter.api.Assertions.assertTrue(Assertions.java:183)
	at cn.edu.nju.software.naivetest.TestFrontEnd.testFile(TestFrontEnd.java:73)
	at cn.edu.nju.software.naivetest.TestFrontEnd.testAll(TestFrontEnd.java:62)
	at java.base/java.lang.reflect.Method.invoke(Method.java:568)
	at java.base/java.util.stream.ForEachOps$ForEachOp$OfRef.accept(ForEachOps.java:183)
	at java.base/java.util.stream.ReferencePipeline$3$1.accept(ReferencePipeline.java:197)
	at java.base/java.util.stream.ReferencePipeline$2$1.accept(ReferencePipeline.java:179)
	at java.base/java.util.stream.ReferencePipeline$3$1.accept(ReferencePipeline.java:197)
	at java.base/java.util.stream.ForEachOps$ForEachOp$OfRef.accept(ForEachOps.java:183)
	at java.base/java.util.stream.ReferencePipeline$3$1.accept(ReferencePipeline.java:197)
	at java.base/java.util.stream.ReferencePipeline$3$1.accept(ReferencePipeline.java:197)
	at java.base/java.util.stream.ReferencePipeline$3$1.accept(ReferencePipeline.java:197)
	at java.base/java.util.stream.ForEachOps$ForEachOp$OfRef.accept(ForEachOps.java:183)
	at java.base/java.util.stream.ForEachOps$ForEachOp$OfRef.accept(ForEachOps.java:183)
	at java.base/java.util.stream.ReferencePipeline$3$1.accept(ReferencePipeline.java:197)
	at java.base/java.util.stream.ForEachOps$ForEachOp$OfRef.accept(ForEachOps.java:183)
	at java.base/java.util.stream.ReferencePipeline$3$1.accept(ReferencePipeline.java:197)
	at java.base/java.util.Spliterators$ArraySpliterator.forEachRemaining(Spliterators.java:992)
	at java.base/java.util.stream.AbstractPipeline.copyInto(AbstractPipeline.java:509)
	at java.base/java.util.stream.AbstractPipeline.wrapAndCopyInto(AbstractPipeline.java:499)
	at java.base/java.util.stream.ForEachOps$ForEachOp.evaluateSequential(ForEachOps.java:150)
	at java.base/java.util.stream.ForEachOps$ForEachOp$OfRef.evaluateSequential(ForEachOps.java:173)
	at java.base/java.util.stream.AbstractPipeline.evaluate(AbstractPipeline.java:234)
	at java.base/java.util.stream.ReferencePipeline.forEach(ReferencePipeline.java:596)
	at java.base/java.util.stream.ReferencePipeline$7$1.accept(ReferencePipeline.java:276)
	at java.base/java.util.stream.ReferencePipeline$3$1.accept(ReferencePipeline.java:197)
	at java.base/java.util.stream.ReferencePipeline$3$1.accept(ReferencePipeline.java:197)
	at java.base/java.util.stream.ReferencePipeline$3$1.accept(ReferencePipeline.java:197)
	at java.base/java.util.Spliterators$ArraySpliterator.forEachRemaining(Spliterators.java:992)
	at java.base/java.util.stream.AbstractPipeline.copyInto(AbstractPipeline.java:509)
	at java.base/java.util.stream.AbstractPipeline.wrapAndCopyInto(AbstractPipeline.java:499)
	at java.base/java.util.stream.ForEachOps$ForEachOp.evaluateSequential(ForEachOps.java:150)
	at java.base/java.util.stream.ForEachOps$ForEachOp$OfRef.evaluateSequential(ForEachOps.java:173)
	at java.base/java.util.stream.AbstractPipeline.evaluate(AbstractPipeline.java:234)
	at java.base/java.util.stream.ReferencePipeline.forEach(ReferencePipeline.java:596)
	at java.base/java.util.stream.ReferencePipeline$7$1.accept(ReferencePipeline.java:276)
	at java.base/java.util.ArrayList$ArrayListSpliterator.forEachRemaining(ArrayList.java:1625)
	at java.base/java.util.stream.AbstractPipeline.copyInto(AbstractPipeline.java:509)
	at java.base/java.util.stream.AbstractPipeline.wrapAndCopyInto(AbstractPipeline.java:499)
	at java.base/java.util.stream.ForEachOps$ForEachOp.evaluateSequential(ForEachOps.java:150)
	at java.base/java.util.stream.ForEachOps$ForEachOp$OfRef.evaluateSequential(ForEachOps.java:173)
	at java.base/java.util.stream.AbstractPipeline.evaluate(AbstractPipeline.java:234)
	at java.base/java.util.stream.ReferencePipeline.forEach(ReferencePipeline.java:596)
	at java.base/java.util.stream.ReferencePipeline$7$1.accept(ReferencePipeline.java:276)
	at java.base/java.util.stream.ReferencePipeline$3$1.accept(ReferencePipeline.java:197)
	at java.base/java.util.stream.ReferencePipeline$3$1.accept(ReferencePipeline.java:197)
	at java.base/java.util.stream.ReferencePipeline$3$1.accept(ReferencePipeline.java:197)
	at java.base/java.util.ArrayList$ArrayListSpliterator.forEachRemaining(ArrayList.java:1625)
	at java.base/java.util.stream.AbstractPipeline.copyInto(AbstractPipeline.java:509)
	at java.base/java.util.stream.AbstractPipeline.wrapAndCopyInto(AbstractPipeline.java:499)
	at java.base/java.util.stream.ForEachOps$ForEachOp.evaluateSequential(ForEachOps.java:150)
	at java.base/java.util.stream.ForEachOps$ForEachOp$OfRef.evaluateSequential(ForEachOps.java:173)
	at java.base/java.util.stream.AbstractPipeline.evaluate(AbstractPipeline.java:234)
	at java.base/java.util.stream.ReferencePipeline.forEach(ReferencePipeline.java:596)
	at java.base/java.util.stream.ReferencePipeline$7$1.accept(ReferencePipeline.java:276)
	at java.base/java.util.ArrayList$ArrayListSpliterator.forEachRemaining(ArrayList.java:1625)
	at java.base/java.util.stream.AbstractPipeline.copyInto(AbstractPipeline.java:509)
	at java.base/java.util.stream.AbstractPipeline.wrapAndCopyInto(AbstractPipeline.java:499)
	at java.base/java.util.stream.ForEachOps$ForEachOp.evaluateSequential(ForEachOps.java:150)
	at java.base/java.util.stream.ForEachOps$ForEachOp$OfRef.evaluateSequential(ForEachOps.java:173)
	at java.base/java.util.stream.AbstractPipeline.evaluate(AbstractPipeline.java:234)
	at java.base/java.util.stream.ReferencePipeline.forEach(ReferencePipeline.java:596)
	at java.base/java.util.ArrayList.forEach(ArrayList.java:1511)
	at java.base/java.util.ArrayList.forEach(ArrayList.java:1511)
]]></failure>
    <system-out><![CDATA[Error type B at Line 6: mismatched input '&&' expecting {',', ';'}
Error:
lli: lli: src/test/resources/ll/square.ll:25:21: error: expected type
  store [10 x i32] [10 x i32] [%num1, i32 0, i32 0, i32 0, i32 0, i32 0, i32 0, i32 0, i32 0, i32 0], [10 x i32]* %a, align 16
                    ^


]]></system-out>
  </testcase>
  <testcase name="testAll(String)[5]" classname="cn.edu.nju.software.naivetest.TestFrontEnd" time="0.317">
    <system-err><![CDATA[Exception in thread "Thread-5" java.lang.StackOverflowError
	at java.base/java.util.Vector.<init>(Vector.java:159)
	at java.base/java.util.Vector.<init>(Vector.java:168)
	at java.base/java.util.Stack.<init>(Stack.java:52)
	at cn.edu.nju.software.pass.LoopInvariantCodeMotionPass.findJudgeBlock(LoopInvariantCodeMotionPass.java:148)
	at cn.edu.nju.software.pass.LoopInvariantCodeMotionPass.doPass(LoopInvariantCodeMotionPass.java:74)
	at cn.edu.nju.software.pass.LoopInvariantCodeMotionPass.doPass(LoopInvariantCodeMotionPass.java:77)
	at cn.edu.nju.software.pass.LoopInvariantCodeMotionPass.doPass(LoopInvariantCodeMotionPass.java:77)
	at cn.edu.nju.software.pass.LoopInvariantCodeMotionPass.doPass(LoopInvariantCodeMotionPass.java:77)
	at cn.edu.nju.software.pass.LoopInvariantCodeMotionPass.doPass(LoopInvariantCodeMotionPass.java:77)
	at cn.edu.nju.software.pass.LoopInvariantCodeMotionPass.doPass(LoopInvariantCodeMotionPass.java:77)
	at cn.edu.nju.software.pass.LoopInvariantCodeMotionPass.doPass(LoopInvariantCodeMotionPass.java:77)
	at cn.edu.nju.software.pass.LoopInvariantCodeMotionPass.doPass(LoopInvariantCodeMotionPass.java:77)
	at cn.edu.nju.software.pass.LoopInvariantCodeMotionPass.doPass(LoopInvariantCodeMotionPass.java:77)
	at cn.edu.nju.software.pass.LoopInvariantCodeMotionPass.doPass(LoopInvariantCodeMotionPass.java:77)
	at cn.edu.nju.software.pass.LoopInvariantCodeMotionPass.doPass(LoopInvariantCodeMotionPass.java:77)
	at cn.edu.nju.software.pass.LoopInvariantCodeMotionPass.doPass(LoopInvariantCodeMotionPass.java:77)
	at cn.edu.nju.software.pass.LoopInvariantCodeMotionPass.doPass(LoopInvariantCodeMotionPass.java:77)
	at cn.edu.nju.software.pass.LoopInvariantCodeMotionPass.doPass(LoopInvariantCodeMotionPass.java:77)
	at cn.edu.nju.software.pass.LoopInvariantCodeMotionPass.doPass(LoopInvariantCodeMotionPass.java:77)
	at cn.edu.nju.software.pass.LoopInvariantCodeMotionPass.doPass(LoopInvariantCodeMotionPass.java:77)
	at cn.edu.nju.software.pass.LoopInvariantCodeMotionPass.doPass(LoopInvariantCodeMotionPass.java:77)
	at cn.edu.nju.software.pass.LoopInvariantCodeMotionPass.doPass(LoopInvariantCodeMotionPass.java:77)
	at cn.edu.nju.software.pass.LoopInvariantCodeMotionPass.doPass(LoopInvariantCodeMotionPass.java:77)
	at cn.edu.nju.software.pass.LoopInvariantCodeMotionPass.doPass(LoopInvariantCodeMotionPass.java:77)
	at cn.edu.nju.software.pass.LoopInvariantCodeMotionPass.doPass(LoopInvariantCodeMotionPass.java:77)
	at cn.edu.nju.software.pass.LoopInvariantCodeMotionPass.doPass(LoopInvariantCodeMotionPass.java:77)
	at cn.edu.nju.software.pass.LoopInvariantCodeMotionPass.doPass(LoopInvariantCodeMotionPass.java:77)
	at cn.edu.nju.software.pass.LoopInvariantCodeMotionPass.doPass(LoopInvariantCodeMotionPass.java:77)
	at cn.edu.nju.software.pass.LoopInvariantCodeMotionPass.doPass(LoopInvariantCodeMotionPass.java:77)
	at cn.edu.nju.software.pass.LoopInvariantCodeMotionPass.doPass(LoopInvariantCodeMotionPass.java:77)
	at cn.edu.nju.software.pass.LoopInvariantCodeMotionPass.doPass(LoopInvariantCodeMotionPass.java:77)
	at cn.edu.nju.software.pass.LoopInvariantCodeMotionPass.doPass(LoopInvariantCodeMotionPass.java:77)
	at cn.edu.nju.software.pass.LoopInvariantCodeMotionPass.doPass(LoopInvariantCodeMotionPass.java:77)
	at cn.edu.nju.software.pass.LoopInvariantCodeMotionPass.doPass(LoopInvariantCodeMotionPass.java:77)
	at cn.edu.nju.software.pass.LoopInvariantCodeMotionPass.doPass(LoopInvariantCodeMotionPass.java:77)
	at cn.edu.nju.software.pass.LoopInvariantCodeMotionPass.doPass(LoopInvariantCodeMotionPass.java:77)
	at cn.edu.nju.software.pass.LoopInvariantCodeMotionPass.doPass(LoopInvariantCodeMotionPass.java:77)
	at cn.edu.nju.software.pass.LoopInvariantCodeMotionPass.doPass(LoopInvariantCodeMotionPass.java:77)
	at cn.edu.nju.software.pass.LoopInvariantCodeMotionPass.doPass(LoopInvariantCodeMotionPass.java:77)
	at cn.edu.nju.software.pass.LoopInvariantCodeMotionPass.doPass(LoopInvariantCodeMotionPass.java:77)
	at cn.edu.nju.software.pass.LoopInvariantCodeMotionPass.doPass(LoopInvariantCodeMotionPass.java:77)
	at cn.edu.nju.software.pass.LoopInvariantCodeMotionPass.doPass(LoopInvariantCodeMotionPass.java:77)
	at cn.edu.nju.software.pass.LoopInvariantCodeMotionPass.doPass(LoopInvariantCodeMotionPass.java:77)
	at cn.edu.nju.software.pass.LoopInvariantCodeMotionPass.doPass(LoopInvariantCodeMotionPass.java:77)
	at cn.edu.nju.software.pass.LoopInvariantCodeMotionPass.doPass(LoopInvariantCodeMotionPass.java:77)
	at cn.edu.nju.software.pass.LoopInvariantCodeMotionPass.doPass(LoopInvariantCodeMotionPass.java:77)
	at cn.edu.nju.software.pass.LoopInvariantCodeMotionPass.doPass(LoopInvariantCodeMotionPass.java:77)
	at cn.edu.nju.software.pass.LoopInvariantCodeMotionPass.doPass(LoopInvariantCodeMotionPass.java:77)
	at cn.edu.nju.software.pass.LoopInvariantCodeMotionPass.doPass(LoopInvariantCodeMotionPass.java:77)
	at cn.edu.nju.software.pass.LoopInvariantCodeMotionPass.doPass(LoopInvariantCodeMotionPass.java:77)
	at cn.edu.nju.software.pass.LoopInvariantCodeMotionPass.doPass(LoopInvariantCodeMotionPass.java:77)
	at cn.edu.nju.software.pass.LoopInvariantCodeMotionPass.doPass(LoopInvariantCodeMotionPass.java:77)
	at cn.edu.nju.software.pass.LoopInvariantCodeMotionPass.doPass(LoopInvariantCodeMotionPass.java:77)
	at cn.edu.nju.software.pass.LoopInvariantCodeMotionPass.doPass(LoopInvariantCodeMotionPass.java:77)
	at cn.edu.nju.software.pass.LoopInvariantCodeMotionPass.doPass(LoopInvariantCodeMotionPass.java:77)
	at cn.edu.nju.software.pass.LoopInvariantCodeMotionPass.doPass(LoopInvariantCodeMotionPass.java:77)
	at cn.edu.nju.software.pass.LoopInvariantCodeMotionPass.doPass(LoopInvariantCodeMotionPass.java:77)
	at cn.edu.nju.software.pass.LoopInvariantCodeMotionPass.doPass(LoopInvariantCodeMotionPass.java:77)
	at cn.edu.nju.software.pass.LoopInvariantCodeMotionPass.doPass(LoopInvariantCodeMotionPass.java:77)
	at cn.edu.nju.software.pass.LoopInvariantCodeMotionPass.doPass(LoopInvariantCodeMotionPass.java:77)
	at cn.edu.nju.software.pass.LoopInvariantCodeMotionPass.doPass(LoopInvariantCodeMotionPass.java:77)
	at cn.edu.nju.software.pass.LoopInvariantCodeMotionPass.doPass(LoopInvariantCodeMotionPass.java:77)
	at cn.edu.nju.software.pass.LoopInvariantCodeMotionPass.doPass(LoopInvariantCodeMotionPass.java:77)
	at cn.edu.nju.software.pass.LoopInvariantCodeMotionPass.doPass(LoopInvariantCodeMotionPass.java:77)
	at cn.edu.nju.software.pass.LoopInvariantCodeMotionPass.doPass(LoopInvariantCodeMotionPass.java:77)
	at cn.edu.nju.software.pass.LoopInvariantCodeMotionPass.doPass(LoopInvariantCodeMotionPass.java:77)
	at cn.edu.nju.software.pass.LoopInvariantCodeMotionPass.doPass(LoopInvariantCodeMotionPass.java:77)
	at cn.edu.nju.software.pass.LoopInvariantCodeMotionPass.doPass(LoopInvariantCodeMotionPass.java:77)
	at cn.edu.nju.software.pass.LoopInvariantCodeMotionPass.doPass(LoopInvariantCodeMotionPass.java:77)
	at cn.edu.nju.software.pass.LoopInvariantCodeMotionPass.doPass(LoopInvariantCodeMotionPass.java:77)
	at cn.edu.nju.software.pass.LoopInvariantCodeMotionPass.doPass(LoopInvariantCodeMotionPass.java:77)
	at cn.edu.nju.software.pass.LoopInvariantCodeMotionPass.doPass(LoopInvariantCodeMotionPass.java:77)
	at cn.edu.nju.software.pass.LoopInvariantCodeMotionPass.doPass(LoopInvariantCodeMotionPass.java:77)
	at cn.edu.nju.software.pass.LoopInvariantCodeMotionPass.doPass(LoopInvariantCodeMotionPass.java:77)
	at cn.edu.nju.software.pass.LoopInvariantCodeMotionPass.doPass(LoopInvariantCodeMotionPass.java:77)
	at cn.edu.nju.software.pass.LoopInvariantCodeMotionPass.doPass(LoopInvariantCodeMotionPass.java:77)
	at cn.edu.nju.software.pass.LoopInvariantCodeMotionPass.doPass(LoopInvariantCodeMotionPass.java:77)
	at cn.edu.nju.software.pass.LoopInvariantCodeMotionPass.doPass(LoopInvariantCodeMotionPass.java:77)
	at cn.edu.nju.software.pass.LoopInvariantCodeMotionPass.doPass(LoopInvariantCodeMotionPass.java:77)
	at cn.edu.nju.software.pass.LoopInvariantCodeMotionPass.doPass(LoopInvariantCodeMotionPass.java:77)
	at cn.edu.nju.software.pass.LoopInvariantCodeMotionPass.doPass(LoopInvariantCodeMotionPass.java:77)
	at cn.edu.nju.software.pass.LoopInvariantCodeMotionPass.doPass(LoopInvariantCodeMotionPass.java:77)
	at cn.edu.nju.software.pass.LoopInvariantCodeMotionPass.doPass(LoopInvariantCodeMotionPass.java:77)
	at cn.edu.nju.software.pass.LoopInvariantCodeMotionPass.doPass(LoopInvariantCodeMotionPass.java:77)
	at cn.edu.nju.software.pass.LoopInvariantCodeMotionPass.doPass(LoopInvariantCodeMotionPass.java:77)
	at cn.edu.nju.software.pass.LoopInvariantCodeMotionPass.doPass(LoopInvariantCodeMotionPass.java:77)
	at cn.edu.nju.software.pass.LoopInvariantCodeMotionPass.doPass(LoopInvariantCodeMotionPass.java:77)
	at cn.edu.nju.software.pass.LoopInvariantCodeMotionPass.doPass(LoopInvariantCodeMotionPass.java:77)
	at cn.edu.nju.software.pass.LoopInvariantCodeMotionPass.doPass(LoopInvariantCodeMotionPass.java:77)
	at cn.edu.nju.software.pass.LoopInvariantCodeMotionPass.doPass(LoopInvariantCodeMotionPass.java:77)
	at cn.edu.nju.software.pass.LoopInvariantCodeMotionPass.doPass(LoopInvariantCodeMotionPass.java:77)
	at cn.edu.nju.software.pass.LoopInvariantCodeMotionPass.doPass(LoopInvariantCodeMotionPass.java:77)
	at cn.edu.nju.software.pass.LoopInvariantCodeMotionPass.doPass(LoopInvariantCodeMotionPass.java:77)
	at cn.edu.nju.software.pass.LoopInvariantCodeMotionPass.doPass(LoopInvariantCodeMotionPass.java:77)
	at cn.edu.nju.software.pass.LoopInvariantCodeMotionPass.doPass(LoopInvariantCodeMotionPass.java:77)
	at cn.edu.nju.software.pass.LoopInvariantCodeMotionPass.doPass(LoopInvariantCodeMotionPass.java:77)
	at cn.edu.nju.software.pass.LoopInvariantCodeMotionPass.doPass(LoopInvariantCodeMotionPass.java:77)
	at cn.edu.nju.software.pass.LoopInvariantCodeMotionPass.doPass(LoopInvariantCodeMotionPass.java:77)
	at cn.edu.nju.software.pass.LoopInvariantCodeMotionPass.doPass(LoopInvariantCodeMotionPass.java:77)
	at cn.edu.nju.software.pass.LoopInvariantCodeMotionPass.doPass(LoopInvariantCodeMotionPass.java:77)
	at cn.edu.nju.software.pass.LoopInvariantCodeMotionPass.doPass(LoopInvariantCodeMotionPass.java:77)
	at cn.edu.nju.software.pass.LoopInvariantCodeMotionPass.doPass(LoopInvariantCodeMotionPass.java:77)
	at cn.edu.nju.software.pass.LoopInvariantCodeMotionPass.doPass(LoopInvariantCodeMotionPass.java:77)
	at cn.edu.nju.software.pass.LoopInvariantCodeMotionPass.doPass(LoopInvariantCodeMotionPass.java:77)
	at cn.edu.nju.software.pass.LoopInvariantCodeMotionPass.doPass(LoopInvariantCodeMotionPass.java:77)
	at cn.edu.nju.software.pass.LoopInvariantCodeMotionPass.doPass(LoopInvariantCodeMotionPass.java:77)
	at cn.edu.nju.software.pass.LoopInvariantCodeMotionPass.doPass(LoopInvariantCodeMotionPass.java:77)
	at cn.edu.nju.software.pass.LoopInvariantCodeMotionPass.doPass(LoopInvariantCodeMotionPass.java:77)
	at cn.edu.nju.software.pass.LoopInvariantCodeMotionPass.doPass(LoopInvariantCodeMotionPass.java:77)
	at cn.edu.nju.software.pass.LoopInvariantCodeMotionPass.doPass(LoopInvariantCodeMotionPass.java:77)
	at cn.edu.nju.software.pass.LoopInvariantCodeMotionPass.doPass(LoopInvariantCodeMotionPass.java:77)
	at cn.edu.nju.software.pass.LoopInvariantCodeMotionPass.doPass(LoopInvariantCodeMotionPass.java:77)
	at cn.edu.nju.software.pass.LoopInvariantCodeMotionPass.doPass(LoopInvariantCodeMotionPass.java:77)
	at cn.edu.nju.software.pass.LoopInvariantCodeMotionPass.doPass(LoopInvariantCodeMotionPass.java:77)
	at cn.edu.nju.software.pass.LoopInvariantCodeMotionPass.doPass(LoopInvariantCodeMotionPass.java:77)
	at cn.edu.nju.software.pass.LoopInvariantCodeMotionPass.doPass(LoopInvariantCodeMotionPass.java:77)
	at cn.edu.nju.software.pass.LoopInvariantCodeMotionPass.doPass(LoopInvariantCodeMotionPass.java:77)
	at cn.edu.nju.software.pass.LoopInvariantCodeMotionPass.doPass(LoopInvariantCodeMotionPass.java:77)
	at cn.edu.nju.software.pass.LoopInvariantCodeMotionPass.doPass(LoopInvariantCodeMotionPass.java:77)
	at cn.edu.nju.software.pass.LoopInvariantCodeMotionPass.doPass(LoopInvariantCodeMotionPass.java:77)
	at cn.edu.nju.software.pass.LoopInvariantCodeMotionPass.doPass(LoopInvariantCodeMotionPass.java:77)
	at cn.edu.nju.software.pass.LoopInvariantCodeMotionPass.doPass(LoopInvariantCodeMotionPass.java:77)
	at cn.edu.nju.software.pass.LoopInvariantCodeMotionPass.doPass(LoopInvariantCodeMotionPass.java:77)
	at cn.edu.nju.software.pass.LoopInvariantCodeMotionPass.doPass(LoopInvariantCodeMotionPass.java:77)
	at cn.edu.nju.software.pass.LoopInvariantCodeMotionPass.doPass(LoopInvariantCodeMotionPass.java:77)
	at cn.edu.nju.software.pass.LoopInvariantCodeMotionPass.doPass(LoopInvariantCodeMotionPass.java:77)
	at cn.edu.nju.software.pass.LoopInvariantCodeMotionPass.doPass(LoopInvariantCodeMotionPass.java:77)
	at cn.edu.nju.software.pass.LoopInvariantCodeMotionPass.doPass(LoopInvariantCodeMotionPass.java:77)
	at cn.edu.nju.software.pass.LoopInvariantCodeMotionPass.doPass(LoopInvariantCodeMotionPass.java:77)
	at cn.edu.nju.software.pass.LoopInvariantCodeMotionPass.doPass(LoopInvariantCodeMotionPass.java:77)
	at cn.edu.nju.software.pass.LoopInvariantCodeMotionPass.doPass(LoopInvariantCodeMotionPass.java:77)
	at cn.edu.nju.software.pass.LoopInvariantCodeMotionPass.doPass(LoopInvariantCodeMotionPass.java:77)
	at cn.edu.nju.software.pass.LoopInvariantCodeMotionPass.doPass(LoopInvariantCodeMotionPass.java:77)
	at cn.edu.nju.software.pass.LoopInvariantCodeMotionPass.doPass(LoopInvariantCodeMotionPass.java:77)
	at cn.edu.nju.software.pass.LoopInvariantCodeMotionPass.doPass(LoopInvariantCodeMotionPass.java:77)
	at cn.edu.nju.software.pass.LoopInvariantCodeMotionPass.doPass(LoopInvariantCodeMotionPass.java:77)
	at cn.edu.nju.software.pass.LoopInvariantCodeMotionPass.doPass(LoopInvariantCodeMotionPass.java:77)
	at cn.edu.nju.software.pass.LoopInvariantCodeMotionPass.doPass(LoopInvariantCodeMotionPass.java:77)
	at cn.edu.nju.software.pass.LoopInvariantCodeMotionPass.doPass(LoopInvariantCodeMotionPass.java:77)
	at cn.edu.nju.software.pass.LoopInvariantCodeMotionPass.doPass(LoopInvariantCodeMotionPass.java:77)
	at cn.edu.nju.software.pass.LoopInvariantCodeMotionPass.doPass(LoopInvariantCodeMotionPass.java:77)
	at cn.edu.nju.software.pass.LoopInvariantCodeMotionPass.doPass(LoopInvariantCodeMotionPass.java:77)
	at cn.edu.nju.software.pass.LoopInvariantCodeMotionPass.doPass(LoopInvariantCodeMotionPass.java:77)
	at cn.edu.nju.software.pass.LoopInvariantCodeMotionPass.doPass(LoopInvariantCodeMotionPass.java:77)
	at cn.edu.nju.software.pass.LoopInvariantCodeMotionPass.doPass(LoopInvariantCodeMotionPass.java:77)
	at cn.edu.nju.software.pass.LoopInvariantCodeMotionPass.doPass(LoopInvariantCodeMotionPass.java:77)
	at cn.edu.nju.software.pass.LoopInvariantCodeMotionPass.doPass(LoopInvariantCodeMotionPass.java:77)
	at cn.edu.nju.software.pass.LoopInvariantCodeMotionPass.doPass(LoopInvariantCodeMotionPass.java:77)
	at cn.edu.nju.software.pass.LoopInvariantCodeMotionPass.doPass(LoopInvariantCodeMotionPass.java:77)
	at cn.edu.nju.software.pass.LoopInvariantCodeMotionPass.doPass(LoopInvariantCodeMotionPass.java:77)
	at cn.edu.nju.software.pass.LoopInvariantCodeMotionPass.doPass(LoopInvariantCodeMotionPass.java:77)
	at cn.edu.nju.software.pass.LoopInvariantCodeMotionPass.doPass(LoopInvariantCodeMotionPass.java:77)
	at cn.edu.nju.software.pass.LoopInvariantCodeMotionPass.doPass(LoopInvariantCodeMotionPass.java:77)
	at cn.edu.nju.software.pass.LoopInvariantCodeMotionPass.doPass(LoopInvariantCodeMotionPass.java:77)
	at cn.edu.nju.software.pass.LoopInvariantCodeMotionPass.doPass(LoopInvariantCodeMotionPass.java:77)
	at cn.edu.nju.software.pass.LoopInvariantCodeMotionPass.doPass(LoopInvariantCodeMotionPass.java:77)
	at cn.edu.nju.software.pass.LoopInvariantCodeMotionPass.doPass(LoopInvariantCodeMotionPass.java:77)
	at cn.edu.nju.software.pass.LoopInvariantCodeMotionPass.doPass(LoopInvariantCodeMotionPass.java:77)
	at cn.edu.nju.software.pass.LoopInvariantCodeMotionPass.doPass(LoopInvariantCodeMotionPass.java:77)
	at cn.edu.nju.software.pass.LoopInvariantCodeMotionPass.doPass(LoopInvariantCodeMotionPass.java:77)
	at cn.edu.nju.software.pass.LoopInvariantCodeMotionPass.doPass(LoopInvariantCodeMotionPass.java:77)
	at cn.edu.nju.software.pass.LoopInvariantCodeMotionPass.doPass(LoopInvariantCodeMotionPass.java:77)
	at cn.edu.nju.software.pass.LoopInvariantCodeMotionPass.doPass(LoopInvariantCodeMotionPass.java:77)
	at cn.edu.nju.software.pass.LoopInvariantCodeMotionPass.doPass(LoopInvariantCodeMotionPass.java:77)
	at cn.edu.nju.software.pass.LoopInvariantCodeMotionPass.doPass(LoopInvariantCodeMotionPass.java:77)
	at cn.edu.nju.software.pass.LoopInvariantCodeMotionPass.doPass(LoopInvariantCodeMotionPass.java:77)
	at cn.edu.nju.software.pass.LoopInvariantCodeMotionPass.doPass(LoopInvariantCodeMotionPass.java:77)
	at cn.edu.nju.software.pass.LoopInvariantCodeMotionPass.doPass(LoopInvariantCodeMotionPass.java:77)
	at cn.edu.nju.software.pass.LoopInvariantCodeMotionPass.doPass(LoopInvariantCodeMotionPass.java:77)
	at cn.edu.nju.software.pass.LoopInvariantCodeMotionPass.doPass(LoopInvariantCodeMotionPass.java:77)
	at cn.edu.nju.software.pass.LoopInvariantCodeMotionPass.doPass(LoopInvariantCodeMotionPass.java:77)
	at cn.edu.nju.software.pass.LoopInvariantCodeMotionPass.doPass(LoopInvariantCodeMotionPass.java:77)
	at cn.edu.nju.software.pass.LoopInvariantCodeMotionPass.doPass(LoopInvariantCodeMotionPass.java:77)
	at cn.edu.nju.software.pass.LoopInvariantCodeMotionPass.doPass(LoopInvariantCodeMotionPass.java:77)
	at cn.edu.nju.software.pass.LoopInvariantCodeMotionPass.doPass(LoopInvariantCodeMotionPass.java:77)
	at cn.edu.nju.software.pass.LoopInvariantCodeMotionPass.doPass(LoopInvariantCodeMotionPass.java:77)
	at cn.edu.nju.software.pass.LoopInvariantCodeMotionPass.doPass(LoopInvariantCodeMotionPass.java:77)
	at cn.edu.nju.software.pass.LoopInvariantCodeMotionPass.doPass(LoopInvariantCodeMotionPass.java:77)
	at cn.edu.nju.software.pass.LoopInvariantCodeMotionPass.doPass(LoopInvariantCodeMotionPass.java:77)
	at cn.edu.nju.software.pass.LoopInvariantCodeMotionPass.doPass(LoopInvariantCodeMotionPass.java:77)
	at cn.edu.nju.software.pass.LoopInvariantCodeMotionPass.doPass(LoopInvariantCodeMotionPass.java:77)
	at cn.edu.nju.software.pass.LoopInvariantCodeMotionPass.doPass(LoopInvariantCodeMotionPass.java:77)
	at cn.edu.nju.software.pass.LoopInvariantCodeMotionPass.doPass(LoopInvariantCodeMotionPass.java:77)
	at cn.edu.nju.software.pass.LoopInvariantCodeMotionPass.doPass(LoopInvariantCodeMotionPass.java:77)
	at cn.edu.nju.software.pass.LoopInvariantCodeMotionPass.doPass(LoopInvariantCodeMotionPass.java:77)
	at cn.edu.nju.software.pass.LoopInvariantCodeMotionPass.doPass(LoopInvariantCodeMotionPass.java:77)
	at cn.edu.nju.software.pass.LoopInvariantCodeMotionPass.doPass(LoopInvariantCodeMotionPass.java:77)
	at cn.edu.nju.software.pass.LoopInvariantCodeMotionPass.doPass(LoopInvariantCodeMotionPass.java:77)
	at cn.edu.nju.software.pass.LoopInvariantCodeMotionPass.doPass(LoopInvariantCodeMotionPass.java:77)
	at cn.edu.nju.software.pass.LoopInvariantCodeMotionPass.doPass(LoopInvariantCodeMotionPass.java:77)
	at cn.edu.nju.software.pass.LoopInvariantCodeMotionPass.doPass(LoopInvariantCodeMotionPass.java:77)
	at cn.edu.nju.software.pass.LoopInvariantCodeMotionPass.doPass(LoopInvariantCodeMotionPass.java:77)
	at cn.edu.nju.software.pass.LoopInvariantCodeMotionPass.doPass(LoopInvariantCodeMotionPass.java:77)
	at cn.edu.nju.software.pass.LoopInvariantCodeMotionPass.doPass(LoopInvariantCodeMotionPass.java:77)
	at cn.edu.nju.software.pass.LoopInvariantCodeMotionPass.doPass(LoopInvariantCodeMotionPass.java:77)
	at cn.edu.nju.software.pass.LoopInvariantCodeMotionPass.doPass(LoopInvariantCodeMotionPass.java:77)
	at cn.edu.nju.software.pass.LoopInvariantCodeMotionPass.doPass(LoopInvariantCodeMotionPass.java:77)
	at cn.edu.nju.software.pass.LoopInvariantCodeMotionPass.doPass(LoopInvariantCodeMotionPass.java:77)
	at cn.edu.nju.software.pass.LoopInvariantCodeMotionPass.doPass(LoopInvariantCodeMotionPass.java:77)
	at cn.edu.nju.software.pass.LoopInvariantCodeMotionPass.doPass(LoopInvariantCodeMotionPass.java:77)
	at cn.edu.nju.software.pass.LoopInvariantCodeMotionPass.doPass(LoopInvariantCodeMotionPass.java:77)
	at cn.edu.nju.software.pass.LoopInvariantCodeMotionPass.doPass(LoopInvariantCodeMotionPass.java:77)
	at cn.edu.nju.software.pass.LoopInvariantCodeMotionPass.doPass(LoopInvariantCodeMotionPass.java:77)
	at cn.edu.nju.software.pass.LoopInvariantCodeMotionPass.doPass(LoopInvariantCodeMotionPass.java:77)
	at cn.edu.nju.software.pass.LoopInvariantCodeMotionPass.doPass(LoopInvariantCodeMotionPass.java:77)
	at cn.edu.nju.software.pass.LoopInvariantCodeMotionPass.doPass(LoopInvariantCodeMotionPass.java:77)
	at cn.edu.nju.software.pass.LoopInvariantCodeMotionPass.doPass(LoopInvariantCodeMotionPass.java:77)
	at cn.edu.nju.software.pass.LoopInvariantCodeMotionPass.doPass(LoopInvariantCodeMotionPass.java:77)
	at cn.edu.nju.software.pass.LoopInvariantCodeMotionPass.doPass(LoopInvariantCodeMotionPass.java:77)
	at cn.edu.nju.software.pass.LoopInvariantCodeMotionPass.doPass(LoopInvariantCodeMotionPass.java:77)
	at cn.edu.nju.software.pass.LoopInvariantCodeMotionPass.doPass(LoopInvariantCodeMotionPass.java:77)
	at cn.edu.nju.software.pass.LoopInvariantCodeMotionPass.doPass(LoopInvariantCodeMotionPass.java:77)
	at cn.edu.nju.software.pass.LoopInvariantCodeMotionPass.doPass(LoopInvariantCodeMotionPass.java:77)
	at cn.edu.nju.software.pass.LoopInvariantCodeMotionPass.doPass(LoopInvariantCodeMotionPass.java:77)
	at cn.edu.nju.software.pass.LoopInvariantCodeMotionPass.doPass(LoopInvariantCodeMotionPass.java:77)
	at cn.edu.nju.software.pass.LoopInvariantCodeMotionPass.doPass(LoopInvariantCodeMotionPass.java:77)
	at cn.edu.nju.software.pass.LoopInvariantCodeMotionPass.doPass(LoopInvariantCodeMotionPass.java:77)
	at cn.edu.nju.software.pass.LoopInvariantCodeMotionPass.doPass(LoopInvariantCodeMotionPass.java:77)
	at cn.edu.nju.software.pass.LoopInvariantCodeMotionPass.doPass(LoopInvariantCodeMotionPass.java:77)
	at cn.edu.nju.software.pass.LoopInvariantCodeMotionPass.doPass(LoopInvariantCodeMotionPass.java:77)
	at cn.edu.nju.software.pass.LoopInvariantCodeMotionPass.doPass(LoopInvariantCodeMotionPass.java:77)
	at cn.edu.nju.software.pass.LoopInvariantCodeMotionPass.doPass(LoopInvariantCodeMotionPass.java:77)
	at cn.edu.nju.software.pass.LoopInvariantCodeMotionPass.doPass(LoopInvariantCodeMotionPass.java:77)
	at cn.edu.nju.software.pass.LoopInvariantCodeMotionPass.doPass(LoopInvariantCodeMotionPass.java:77)
	at cn.edu.nju.software.pass.LoopInvariantCodeMotionPass.doPass(LoopInvariantCodeMotionPass.java:77)
	at cn.edu.nju.software.pass.LoopInvariantCodeMotionPass.doPass(LoopInvariantCodeMotionPass.java:77)
	at cn.edu.nju.software.pass.LoopInvariantCodeMotionPass.doPass(LoopInvariantCodeMotionPass.java:77)
	at cn.edu.nju.software.pass.LoopInvariantCodeMotionPass.doPass(LoopInvariantCodeMotionPass.java:77)
	at cn.edu.nju.software.pass.LoopInvariantCodeMotionPass.doPass(LoopInvariantCodeMotionPass.java:77)
	at cn.edu.nju.software.pass.LoopInvariantCodeMotionPass.doPass(LoopInvariantCodeMotionPass.java:77)
	at cn.edu.nju.software.pass.LoopInvariantCodeMotionPass.doPass(LoopInvariantCodeMotionPass.java:77)
	at cn.edu.nju.software.pass.LoopInvariantCodeMotionPass.doPass(LoopInvariantCodeMotionPass.java:77)
	at cn.edu.nju.software.pass.LoopInvariantCodeMotionPass.doPass(LoopInvariantCodeMotionPass.java:77)
	at cn.edu.nju.software.pass.LoopInvariantCodeMotionPass.doPass(LoopInvariantCodeMotionPass.java:77)
	at cn.edu.nju.software.pass.LoopInvariantCodeMotionPass.doPass(LoopInvariantCodeMotionPass.java:77)
	at cn.edu.nju.software.pass.LoopInvariantCodeMotionPass.doPass(LoopInvariantCodeMotionPass.java:77)
	at cn.edu.nju.software.pass.LoopInvariantCodeMotionPass.doPass(LoopInvariantCodeMotionPass.java:77)
	at cn.edu.nju.software.pass.LoopInvariantCodeMotionPass.doPass(LoopInvariantCodeMotionPass.java:77)
	at cn.edu.nju.software.pass.LoopInvariantCodeMotionPass.doPass(LoopInvariantCodeMotionPass.java:77)
	at cn.edu.nju.software.pass.LoopInvariantCodeMotionPass.doPass(LoopInvariantCodeMotionPass.java:77)
	at cn.edu.nju.software.pass.LoopInvariantCodeMotionPass.doPass(LoopInvariantCodeMotionPass.java:77)
	at cn.edu.nju.software.pass.LoopInvariantCodeMotionPass.doPass(LoopInvariantCodeMotionPass.java:77)
	at cn.edu.nju.software.pass.LoopInvariantCodeMotionPass.doPass(LoopInvariantCodeMotionPass.java:77)
	at cn.edu.nju.software.pass.LoopInvariantCodeMotionPass.doPass(LoopInvariantCodeMotionPass.java:77)
	at cn.edu.nju.software.pass.LoopInvariantCodeMotionPass.doPass(LoopInvariantCodeMotionPass.java:77)
	at cn.edu.nju.software.pass.LoopInvariantCodeMotionPass.doPass(LoopInvariantCodeMotionPass.java:77)
	at cn.edu.nju.software.pass.LoopInvariantCodeMotionPass.doPass(LoopInvariantCodeMotionPass.java:77)
	at cn.edu.nju.software.pass.LoopInvariantCodeMotionPass.doPass(LoopInvariantCodeMotionPass.java:77)
	at cn.edu.nju.software.pass.LoopInvariantCodeMotionPass.doPass(LoopInvariantCodeMotionPass.java:77)
	at cn.edu.nju.software.pass.LoopInvariantCodeMotionPass.doPass(LoopInvariantCodeMotionPass.java:77)
	at cn.edu.nju.software.pass.LoopInvariantCodeMotionPass.doPass(LoopInvariantCodeMotionPass.java:77)
	at cn.edu.nju.software.pass.LoopInvariantCodeMotionPass.doPass(LoopInvariantCodeMotionPass.java:77)
	at cn.edu.nju.software.pass.LoopInvariantCodeMotionPass.doPass(LoopInvariantCodeMotionPass.java:77)
	at cn.edu.nju.software.pass.LoopInvariantCodeMotionPass.doPass(LoopInvariantCodeMotionPass.java:77)
	at cn.edu.nju.software.pass.LoopInvariantCodeMotionPass.doPass(LoopInvariantCodeMotionPass.java:77)
	at cn.edu.nju.software.pass.LoopInvariantCodeMotionPass.doPass(LoopInvariantCodeMotionPass.java:77)
	at cn.edu.nju.software.pass.LoopInvariantCodeMotionPass.doPass(LoopInvariantCodeMotionPass.java:77)
	at cn.edu.nju.software.pass.LoopInvariantCodeMotionPass.doPass(LoopInvariantCodeMotionPass.java:77)
	at cn.edu.nju.software.pass.LoopInvariantCodeMotionPass.doPass(LoopInvariantCodeMotionPass.java:77)
	at cn.edu.nju.software.pass.LoopInvariantCodeMotionPass.doPass(LoopInvariantCodeMotionPass.java:77)
	at cn.edu.nju.software.pass.LoopInvariantCodeMotionPass.doPass(LoopInvariantCodeMotionPass.java:77)
	at cn.edu.nju.software.pass.LoopInvariantCodeMotionPass.doPass(LoopInvariantCodeMotionPass.java:77)
	at cn.edu.nju.software.pass.LoopInvariantCodeMotionPass.doPass(LoopInvariantCodeMotionPass.java:77)
	at cn.edu.nju.software.pass.LoopInvariantCodeMotionPass.doPass(LoopInvariantCodeMotionPass.java:77)
	at cn.edu.nju.software.pass.LoopInvariantCodeMotionPass.doPass(LoopInvariantCodeMotionPass.java:77)
	at cn.edu.nju.software.pass.LoopInvariantCodeMotionPass.doPass(LoopInvariantCodeMotionPass.java:77)
	at cn.edu.nju.software.pass.LoopInvariantCodeMotionPass.doPass(LoopInvariantCodeMotionPass.java:77)
	at cn.edu.nju.software.pass.LoopInvariantCodeMotionPass.doPass(LoopInvariantCodeMotionPass.java:77)
	at cn.edu.nju.software.pass.LoopInvariantCodeMotionPass.doPass(LoopInvariantCodeMotionPass.java:77)
	at cn.edu.nju.software.pass.LoopInvariantCodeMotionPass.doPass(LoopInvariantCodeMotionPass.java:77)
	at cn.edu.nju.software.pass.LoopInvariantCodeMotionPass.doPass(LoopInvariantCodeMotionPass.java:77)
	at cn.edu.nju.software.pass.LoopInvariantCodeMotionPass.doPass(LoopInvariantCodeMotionPass.java:77)
	at cn.edu.nju.software.pass.LoopInvariantCodeMotionPass.doPass(LoopInvariantCodeMotionPass.java:77)
	at cn.edu.nju.software.pass.LoopInvariantCodeMotionPass.doPass(LoopInvariantCodeMotionPass.java:77)
	at cn.edu.nju.software.pass.LoopInvariantCodeMotionPass.doPass(LoopInvariantCodeMotionPass.java:77)
	at cn.edu.nju.software.pass.LoopInvariantCodeMotionPass.doPass(LoopInvariantCodeMotionPass.java:77)
	at cn.edu.nju.software.pass.LoopInvariantCodeMotionPass.doPass(LoopInvariantCodeMotionPass.java:77)
	at cn.edu.nju.software.pass.LoopInvariantCodeMotionPass.doPass(LoopInvariantCodeMotionPass.java:77)
	at cn.edu.nju.software.pass.LoopInvariantCodeMotionPass.doPass(LoopInvariantCodeMotionPass.java:77)
	at cn.edu.nju.software.pass.LoopInvariantCodeMotionPass.doPass(LoopInvariantCodeMotionPass.java:77)
	at cn.edu.nju.software.pass.LoopInvariantCodeMotionPass.doPass(LoopInvariantCodeMotionPass.java:77)
	at cn.edu.nju.software.pass.LoopInvariantCodeMotionPass.doPass(LoopInvariantCodeMotionPass.java:77)
	at cn.edu.nju.software.pass.LoopInvariantCodeMotionPass.doPass(LoopInvariantCodeMotionPass.java:77)
	at cn.edu.nju.software.pass.LoopInvariantCodeMotionPass.doPass(LoopInvariantCodeMotionPass.java:77)
	at cn.edu.nju.software.pass.LoopInvariantCodeMotionPass.doPass(LoopInvariantCodeMotionPass.java:77)
	at cn.edu.nju.software.pass.LoopInvariantCodeMotionPass.doPass(LoopInvariantCodeMotionPass.java:77)
	at cn.edu.nju.software.pass.LoopInvariantCodeMotionPass.doPass(LoopInvariantCodeMotionPass.java:77)
	at cn.edu.nju.software.pass.LoopInvariantCodeMotionPass.doPass(LoopInvariantCodeMotionPass.java:77)
	at cn.edu.nju.software.pass.LoopInvariantCodeMotionPass.doPass(LoopInvariantCodeMotionPass.java:77)
	at cn.edu.nju.software.pass.LoopInvariantCodeMotionPass.doPass(LoopInvariantCodeMotionPass.java:77)
	at cn.edu.nju.software.pass.LoopInvariantCodeMotionPass.doPass(LoopInvariantCodeMotionPass.java:77)
	at cn.edu.nju.software.pass.LoopInvariantCodeMotionPass.doPass(LoopInvariantCodeMotionPass.java:77)
	at cn.edu.nju.software.pass.LoopInvariantCodeMotionPass.doPass(LoopInvariantCodeMotionPass.java:77)
	at cn.edu.nju.software.pass.LoopInvariantCodeMotionPass.doPass(LoopInvariantCodeMotionPass.java:77)
	at cn.edu.nju.software.pass.LoopInvariantCodeMotionPass.doPass(LoopInvariantCodeMotionPass.java:77)
	at cn.edu.nju.software.pass.LoopInvariantCodeMotionPass.doPass(LoopInvariantCodeMotionPass.java:77)
	at cn.edu.nju.software.pass.LoopInvariantCodeMotionPass.doPass(LoopInvariantCodeMotionPass.java:77)
	at cn.edu.nju.software.pass.LoopInvariantCodeMotionPass.doPass(LoopInvariantCodeMotionPass.java:77)
	at cn.edu.nju.software.pass.LoopInvariantCodeMotionPass.doPass(LoopInvariantCodeMotionPass.java:77)
	at cn.edu.nju.software.pass.LoopInvariantCodeMotionPass.doPass(LoopInvariantCodeMotionPass.java:77)
	at cn.edu.nju.software.pass.LoopInvariantCodeMotionPass.doPass(LoopInvariantCodeMotionPass.java:77)
	at cn.edu.nju.software.pass.LoopInvariantCodeMotionPass.doPass(LoopInvariantCodeMotionPass.java:77)
	at cn.edu.nju.software.pass.LoopInvariantCodeMotionPass.doPass(LoopInvariantCodeMotionPass.java:77)
	at cn.edu.nju.software.pass.LoopInvariantCodeMotionPass.doPass(LoopInvariantCodeMotionPass.java:77)
	at cn.edu.nju.software.pass.LoopInvariantCodeMotionPass.doPass(LoopInvariantCodeMotionPass.java:77)
	at cn.edu.nju.software.pass.LoopInvariantCodeMotionPass.doPass(LoopInvariantCodeMotionPass.java:77)
	at cn.edu.nju.software.pass.LoopInvariantCodeMotionPass.doPass(LoopInvariantCodeMotionPass.java:77)
	at cn.edu.nju.software.pass.LoopInvariantCodeMotionPass.doPass(LoopInvariantCodeMotionPass.java:77)
	at cn.edu.nju.software.pass.LoopInvariantCodeMotionPass.doPass(LoopInvariantCodeMotionPass.java:77)
	at cn.edu.nju.software.pass.LoopInvariantCodeMotionPass.doPass(LoopInvariantCodeMotionPass.java:77)
	at cn.edu.nju.software.pass.LoopInvariantCodeMotionPass.doPass(LoopInvariantCodeMotionPass.java:77)
	at cn.edu.nju.software.pass.LoopInvariantCodeMotionPass.doPass(LoopInvariantCodeMotionPass.java:77)
	at cn.edu.nju.software.pass.LoopInvariantCodeMotionPass.doPass(LoopInvariantCodeMotionPass.java:77)
	at cn.edu.nju.software.pass.LoopInvariantCodeMotionPass.doPass(LoopInvariantCodeMotionPass.java:77)
	at cn.edu.nju.software.pass.LoopInvariantCodeMotionPass.doPass(LoopInvariantCodeMotionPass.java:77)
	at cn.edu.nju.software.pass.LoopInvariantCodeMotionPass.doPass(LoopInvariantCodeMotionPass.java:77)
	at cn.edu.nju.software.pass.LoopInvariantCodeMotionPass.doPass(LoopInvariantCodeMotionPass.java:77)
	at cn.edu.nju.software.pass.LoopInvariantCodeMotionPass.doPass(LoopInvariantCodeMotionPass.java:77)
	at cn.edu.nju.software.pass.LoopInvariantCodeMotionPass.doPass(LoopInvariantCodeMotionPass.java:77)
	at cn.edu.nju.software.pass.LoopInvariantCodeMotionPass.doPass(LoopInvariantCodeMotionPass.java:77)
	at cn.edu.nju.software.pass.LoopInvariantCodeMotionPass.doPass(LoopInvariantCodeMotionPass.java:77)
	at cn.edu.nju.software.pass.LoopInvariantCodeMotionPass.doPass(LoopInvariantCodeMotionPass.java:77)
	at cn.edu.nju.software.pass.LoopInvariantCodeMotionPass.doPass(LoopInvariantCodeMotionPass.java:77)
	at cn.edu.nju.software.pass.LoopInvariantCodeMotionPass.doPass(LoopInvariantCodeMotionPass.java:77)
	at cn.edu.nju.software.pass.LoopInvariantCodeMotionPass.doPass(LoopInvariantCodeMotionPass.java:77)
	at cn.edu.nju.software.pass.LoopInvariantCodeMotionPass.doPass(LoopInvariantCodeMotionPass.java:77)
	at cn.edu.nju.software.pass.LoopInvariantCodeMotionPass.doPass(LoopInvariantCodeMotionPass.java:77)
	at cn.edu.nju.software.pass.LoopInvariantCodeMotionPass.doPass(LoopInvariantCodeMotionPass.java:77)
	at cn.edu.nju.software.pass.LoopInvariantCodeMotionPass.doPass(LoopInvariantCodeMotionPass.java:77)
	at cn.edu.nju.software.pass.LoopInvariantCodeMotionPass.doPass(LoopInvariantCodeMotionPass.java:77)
	at cn.edu.nju.software.pass.LoopInvariantCodeMotionPass.doPass(LoopInvariantCodeMotionPass.java:77)
	at cn.edu.nju.software.pass.LoopInvariantCodeMotionPass.doPass(LoopInvariantCodeMotionPass.java:77)
	at cn.edu.nju.software.pass.LoopInvariantCodeMotionPass.doPass(LoopInvariantCodeMotionPass.java:77)
	at cn.edu.nju.software.pass.LoopInvariantCodeMotionPass.doPass(LoopInvariantCodeMotionPass.java:77)
	at cn.edu.nju.software.pass.LoopInvariantCodeMotionPass.doPass(LoopInvariantCodeMotionPass.java:77)
	at cn.edu.nju.software.pass.LoopInvariantCodeMotionPass.doPass(LoopInvariantCodeMotionPass.java:77)
	at cn.edu.nju.software.pass.LoopInvariantCodeMotionPass.doPass(LoopInvariantCodeMotionPass.java:77)
	at cn.edu.nju.software.pass.LoopInvariantCodeMotionPass.doPass(LoopInvariantCodeMotionPass.java:77)
	at cn.edu.nju.software.pass.LoopInvariantCodeMotionPass.doPass(LoopInvariantCodeMotionPass.java:77)
	at cn.edu.nju.software.pass.LoopInvariantCodeMotionPass.doPass(LoopInvariantCodeMotionPass.java:77)
	at cn.edu.nju.software.pass.LoopInvariantCodeMotionPass.doPass(LoopInvariantCodeMotionPass.java:77)
	at cn.edu.nju.software.pass.LoopInvariantCodeMotionPass.doPass(LoopInvariantCodeMotionPass.java:77)
	at cn.edu.nju.software.pass.LoopInvariantCodeMotionPass.doPass(LoopInvariantCodeMotionPass.java:77)
	at cn.edu.nju.software.pass.LoopInvariantCodeMotionPass.doPass(LoopInvariantCodeMotionPass.java:77)
	at cn.edu.nju.software.pass.LoopInvariantCodeMotionPass.doPass(LoopInvariantCodeMotionPass.java:77)
	at cn.edu.nju.software.pass.LoopInvariantCodeMotionPass.doPass(LoopInvariantCodeMotionPass.java:77)
	at cn.edu.nju.software.pass.LoopInvariantCodeMotionPass.doPass(LoopInvariantCodeMotionPass.java:77)
	at cn.edu.nju.software.pass.LoopInvariantCodeMotionPass.doPass(LoopInvariantCodeMotionPass.java:77)
	at cn.edu.nju.software.pass.LoopInvariantCodeMotionPass.doPass(LoopInvariantCodeMotionPass.java:77)
	at cn.edu.nju.software.pass.LoopInvariantCodeMotionPass.doPass(LoopInvariantCodeMotionPass.java:77)
	at cn.edu.nju.software.pass.LoopInvariantCodeMotionPass.doPass(LoopInvariantCodeMotionPass.java:77)
	at cn.edu.nju.software.pass.LoopInvariantCodeMotionPass.doPass(LoopInvariantCodeMotionPass.java:77)
	at cn.edu.nju.software.pass.LoopInvariantCodeMotionPass.doPass(LoopInvariantCodeMotionPass.java:77)
	at cn.edu.nju.software.pass.LoopInvariantCodeMotionPass.doPass(LoopInvariantCodeMotionPass.java:77)
	at cn.edu.nju.software.pass.LoopInvariantCodeMotionPass.doPass(LoopInvariantCodeMotionPass.java:77)
	at cn.edu.nju.software.pass.LoopInvariantCodeMotionPass.doPass(LoopInvariantCodeMotionPass.java:77)
	at cn.edu.nju.software.pass.LoopInvariantCodeMotionPass.doPass(LoopInvariantCodeMotionPass.java:77)
	at cn.edu.nju.software.pass.LoopInvariantCodeMotionPass.doPass(LoopInvariantCodeMotionPass.java:77)
	at cn.edu.nju.software.pass.LoopInvariantCodeMotionPass.doPass(LoopInvariantCodeMotionPass.java:77)
	at cn.edu.nju.software.pass.LoopInvariantCodeMotionPass.doPass(LoopInvariantCodeMotionPass.java:77)
	at cn.edu.nju.software.pass.LoopInvariantCodeMotionPass.doPass(LoopInvariantCodeMotionPass.java:77)
	at cn.edu.nju.software.pass.LoopInvariantCodeMotionPass.doPass(LoopInvariantCodeMotionPass.java:77)
	at cn.edu.nju.software.pass.LoopInvariantCodeMotionPass.doPass(LoopInvariantCodeMotionPass.java:77)
	at cn.edu.nju.software.pass.LoopInvariantCodeMotionPass.doPass(LoopInvariantCodeMotionPass.java:77)
	at cn.edu.nju.software.pass.LoopInvariantCodeMotionPass.doPass(LoopInvariantCodeMotionPass.java:77)
	at cn.edu.nju.software.pass.LoopInvariantCodeMotionPass.doPass(LoopInvariantCodeMotionPass.java:77)
	at cn.edu.nju.software.pass.LoopInvariantCodeMotionPass.doPass(LoopInvariantCodeMotionPass.java:77)
	at cn.edu.nju.software.pass.LoopInvariantCodeMotionPass.doPass(LoopInvariantCodeMotionPass.java:77)
	at cn.edu.nju.software.pass.LoopInvariantCodeMotionPass.doPass(LoopInvariantCodeMotionPass.java:77)
	at cn.edu.nju.software.pass.LoopInvariantCodeMotionPass.doPass(LoopInvariantCodeMotionPass.java:77)
	at cn.edu.nju.software.pass.LoopInvariantCodeMotionPass.doPass(LoopInvariantCodeMotionPass.java:77)
	at cn.edu.nju.software.pass.LoopInvariantCodeMotionPass.doPass(LoopInvariantCodeMotionPass.java:77)
	at cn.edu.nju.software.pass.LoopInvariantCodeMotionPass.doPass(LoopInvariantCodeMotionPass.java:77)
	at cn.edu.nju.software.pass.LoopInvariantCodeMotionPass.doPass(LoopInvariantCodeMotionPass.java:77)
	at cn.edu.nju.software.pass.LoopInvariantCodeMotionPass.doPass(LoopInvariantCodeMotionPass.java:77)
	at cn.edu.nju.software.pass.LoopInvariantCodeMotionPass.doPass(LoopInvariantCodeMotionPass.java:77)
	at cn.edu.nju.software.pass.LoopInvariantCodeMotionPass.doPass(LoopInvariantCodeMotionPass.java:77)
	at cn.edu.nju.software.pass.LoopInvariantCodeMotionPass.doPass(LoopInvariantCodeMotionPass.java:77)
	at cn.edu.nju.software.pass.LoopInvariantCodeMotionPass.doPass(LoopInvariantCodeMotionPass.java:77)
	at cn.edu.nju.software.pass.LoopInvariantCodeMotionPass.doPass(LoopInvariantCodeMotionPass.java:77)
	at cn.edu.nju.software.pass.LoopInvariantCodeMotionPass.doPass(LoopInvariantCodeMotionPass.java:77)
	at cn.edu.nju.software.pass.LoopInvariantCodeMotionPass.doPass(LoopInvariantCodeMotionPass.java:77)
	at cn.edu.nju.software.pass.LoopInvariantCodeMotionPass.doPass(LoopInvariantCodeMotionPass.java:77)
	at cn.edu.nju.software.pass.LoopInvariantCodeMotionPass.doPass(LoopInvariantCodeMotionPass.java:77)
	at cn.edu.nju.software.pass.LoopInvariantCodeMotionPass.doPass(LoopInvariantCodeMotionPass.java:77)
	at cn.edu.nju.software.pass.LoopInvariantCodeMotionPass.doPass(LoopInvariantCodeMotionPass.java:77)
	at cn.edu.nju.software.pass.LoopInvariantCodeMotionPass.doPass(LoopInvariantCodeMotionPass.java:77)
	at cn.edu.nju.software.pass.LoopInvariantCodeMotionPass.doPass(LoopInvariantCodeMotionPass.java:77)
	at cn.edu.nju.software.pass.LoopInvariantCodeMotionPass.doPass(LoopInvariantCodeMotionPass.java:77)
	at cn.edu.nju.software.pass.LoopInvariantCodeMotionPass.doPass(LoopInvariantCodeMotionPass.java:77)
	at cn.edu.nju.software.pass.LoopInvariantCodeMotionPass.doPass(LoopInvariantCodeMotionPass.java:77)
	at cn.edu.nju.software.pass.LoopInvariantCodeMotionPass.doPass(LoopInvariantCodeMotionPass.java:77)
	at cn.edu.nju.software.pass.LoopInvariantCodeMotionPass.doPass(LoopInvariantCodeMotionPass.java:77)
	at cn.edu.nju.software.pass.LoopInvariantCodeMotionPass.doPass(LoopInvariantCodeMotionPass.java:77)
	at cn.edu.nju.software.pass.LoopInvariantCodeMotionPass.doPass(LoopInvariantCodeMotionPass.java:77)
	at cn.edu.nju.software.pass.LoopInvariantCodeMotionPass.doPass(LoopInvariantCodeMotionPass.java:77)
	at cn.edu.nju.software.pass.LoopInvariantCodeMotionPass.doPass(LoopInvariantCodeMotionPass.java:77)
	at cn.edu.nju.software.pass.LoopInvariantCodeMotionPass.doPass(LoopInvariantCodeMotionPass.java:77)
	at cn.edu.nju.software.pass.LoopInvariantCodeMotionPass.doPass(LoopInvariantCodeMotionPass.java:77)
	at cn.edu.nju.software.pass.LoopInvariantCodeMotionPass.doPass(LoopInvariantCodeMotionPass.java:77)
	at cn.edu.nju.software.pass.LoopInvariantCodeMotionPass.doPass(LoopInvariantCodeMotionPass.java:77)
	at cn.edu.nju.software.pass.LoopInvariantCodeMotionPass.doPass(LoopInvariantCodeMotionPass.java:77)
	at cn.edu.nju.software.pass.LoopInvariantCodeMotionPass.doPass(LoopInvariantCodeMotionPass.java:77)
	at cn.edu.nju.software.pass.LoopInvariantCodeMotionPass.doPass(LoopInvariantCodeMotionPass.java:77)
	at cn.edu.nju.software.pass.LoopInvariantCodeMotionPass.doPass(LoopInvariantCodeMotionPass.java:77)
	at cn.edu.nju.software.pass.LoopInvariantCodeMotionPass.doPass(LoopInvariantCodeMotionPass.java:77)
	at cn.edu.nju.software.pass.LoopInvariantCodeMotionPass.doPass(LoopInvariantCodeMotionPass.java:77)
	at cn.edu.nju.software.pass.LoopInvariantCodeMotionPass.doPass(LoopInvariantCodeMotionPass.java:77)
	at cn.edu.nju.software.pass.LoopInvariantCodeMotionPass.doPass(LoopInvariantCodeMotionPass.java:77)
	at cn.edu.nju.software.pass.LoopInvariantCodeMotionPass.doPass(LoopInvariantCodeMotionPass.java:77)
	at cn.edu.nju.software.pass.LoopInvariantCodeMotionPass.doPass(LoopInvariantCodeMotionPass.java:77)
	at cn.edu.nju.software.pass.LoopInvariantCodeMotionPass.doPass(LoopInvariantCodeMotionPass.java:77)
	at cn.edu.nju.software.pass.LoopInvariantCodeMotionPass.doPass(LoopInvariantCodeMotionPass.java:77)
	at cn.edu.nju.software.pass.LoopInvariantCodeMotionPass.doPass(LoopInvariantCodeMotionPass.java:77)
	at cn.edu.nju.software.pass.LoopInvariantCodeMotionPass.doPass(LoopInvariantCodeMotionPass.java:77)
	at cn.edu.nju.software.pass.LoopInvariantCodeMotionPass.doPass(LoopInvariantCodeMotionPass.java:77)
	at cn.edu.nju.software.pass.LoopInvariantCodeMotionPass.doPass(LoopInvariantCodeMotionPass.java:77)
	at cn.edu.nju.software.pass.LoopInvariantCodeMotionPass.doPass(LoopInvariantCodeMotionPass.java:77)
	at cn.edu.nju.software.pass.LoopInvariantCodeMotionPass.doPass(LoopInvariantCodeMotionPass.java:77)
	at cn.edu.nju.software.pass.LoopInvariantCodeMotionPass.doPass(LoopInvariantCodeMotionPass.java:77)
	at cn.edu.nju.software.pass.LoopInvariantCodeMotionPass.doPass(LoopInvariantCodeMotionPass.java:77)
	at cn.edu.nju.software.pass.LoopInvariantCodeMotionPass.doPass(LoopInvariantCodeMotionPass.java:77)
	at cn.edu.nju.software.pass.LoopInvariantCodeMotionPass.doPass(LoopInvariantCodeMotionPass.java:77)
	at cn.edu.nju.software.pass.LoopInvariantCodeMotionPass.doPass(LoopInvariantCodeMotionPass.java:77)
	at cn.edu.nju.software.pass.LoopInvariantCodeMotionPass.doPass(LoopInvariantCodeMotionPass.java:77)
	at cn.edu.nju.software.pass.LoopInvariantCodeMotionPass.doPass(LoopInvariantCodeMotionPass.java:77)
	at cn.edu.nju.software.pass.LoopInvariantCodeMotionPass.doPass(LoopInvariantCodeMotionPass.java:77)
	at cn.edu.nju.software.pass.LoopInvariantCodeMotionPass.doPass(LoopInvariantCodeMotionPass.java:77)
	at cn.edu.nju.software.pass.LoopInvariantCodeMotionPass.doPass(LoopInvariantCodeMotionPass.java:77)
	at cn.edu.nju.software.pass.LoopInvariantCodeMotionPass.doPass(LoopInvariantCodeMotionPass.java:77)
	at cn.edu.nju.software.pass.LoopInvariantCodeMotionPass.doPass(LoopInvariantCodeMotionPass.java:77)
	at cn.edu.nju.software.pass.LoopInvariantCodeMotionPass.doPass(LoopInvariantCodeMotionPass.java:77)
	at cn.edu.nju.software.pass.LoopInvariantCodeMotionPass.doPass(LoopInvariantCodeMotionPass.java:77)
	at cn.edu.nju.software.pass.LoopInvariantCodeMotionPass.doPass(LoopInvariantCodeMotionPass.java:77)
	at cn.edu.nju.software.pass.LoopInvariantCodeMotionPass.doPass(LoopInvariantCodeMotionPass.java:77)
	at cn.edu.nju.software.pass.LoopInvariantCodeMotionPass.doPass(LoopInvariantCodeMotionPass.java:77)
	at cn.edu.nju.software.pass.LoopInvariantCodeMotionPass.doPass(LoopInvariantCodeMotionPass.java:77)
	at cn.edu.nju.software.pass.LoopInvariantCodeMotionPass.doPass(LoopInvariantCodeMotionPass.java:77)
	at cn.edu.nju.software.pass.LoopInvariantCodeMotionPass.doPass(LoopInvariantCodeMotionPass.java:77)
	at cn.edu.nju.software.pass.LoopInvariantCodeMotionPass.doPass(LoopInvariantCodeMotionPass.java:77)
	at cn.edu.nju.software.pass.LoopInvariantCodeMotionPass.doPass(LoopInvariantCodeMotionPass.java:77)
	at cn.edu.nju.software.pass.LoopInvariantCodeMotionPass.doPass(LoopInvariantCodeMotionPass.java:77)
	at cn.edu.nju.software.pass.LoopInvariantCodeMotionPass.doPass(LoopInvariantCodeMotionPass.java:77)
	at cn.edu.nju.software.pass.LoopInvariantCodeMotionPass.doPass(LoopInvariantCodeMotionPass.java:77)
	at cn.edu.nju.software.pass.LoopInvariantCodeMotionPass.doPass(LoopInvariantCodeMotionPass.java:77)
	at cn.edu.nju.software.pass.LoopInvariantCodeMotionPass.doPass(LoopInvariantCodeMotionPass.java:77)
	at cn.edu.nju.software.pass.LoopInvariantCodeMotionPass.doPass(LoopInvariantCodeMotionPass.java:77)
	at cn.edu.nju.software.pass.LoopInvariantCodeMotionPass.doPass(LoopInvariantCodeMotionPass.java:77)
	at cn.edu.nju.software.pass.LoopInvariantCodeMotionPass.doPass(LoopInvariantCodeMotionPass.java:77)
	at cn.edu.nju.software.pass.LoopInvariantCodeMotionPass.doPass(LoopInvariantCodeMotionPass.java:77)
	at cn.edu.nju.software.pass.LoopInvariantCodeMotionPass.doPass(LoopInvariantCodeMotionPass.java:77)
	at cn.edu.nju.software.pass.LoopInvariantCodeMotionPass.doPass(LoopInvariantCodeMotionPass.java:77)
	at cn.edu.nju.software.pass.LoopInvariantCodeMotionPass.doPass(LoopInvariantCodeMotionPass.java:77)
	at cn.edu.nju.software.pass.LoopInvariantCodeMotionPass.doPass(LoopInvariantCodeMotionPass.java:77)
	at cn.edu.nju.software.pass.LoopInvariantCodeMotionPass.doPass(LoopInvariantCodeMotionPass.java:77)
	at cn.edu.nju.software.pass.LoopInvariantCodeMotionPass.doPass(LoopInvariantCodeMotionPass.java:77)
	at cn.edu.nju.software.pass.LoopInvariantCodeMotionPass.doPass(LoopInvariantCodeMotionPass.java:77)
	at cn.edu.nju.software.pass.LoopInvariantCodeMotionPass.doPass(LoopInvariantCodeMotionPass.java:77)
	at cn.edu.nju.software.pass.LoopInvariantCodeMotionPass.doPass(LoopInvariantCodeMotionPass.java:77)
	at cn.edu.nju.software.pass.LoopInvariantCodeMotionPass.doPass(LoopInvariantCodeMotionPass.java:77)
	at cn.edu.nju.software.pass.LoopInvariantCodeMotionPass.doPass(LoopInvariantCodeMotionPass.java:77)
	at cn.edu.nju.software.pass.LoopInvariantCodeMotionPass.doPass(LoopInvariantCodeMotionPass.java:77)
	at cn.edu.nju.software.pass.LoopInvariantCodeMotionPass.doPass(LoopInvariantCodeMotionPass.java:77)
	at cn.edu.nju.software.pass.LoopInvariantCodeMotionPass.doPass(LoopInvariantCodeMotionPass.java:77)
	at cn.edu.nju.software.pass.LoopInvariantCodeMotionPass.doPass(LoopInvariantCodeMotionPass.java:77)
	at cn.edu.nju.software.pass.LoopInvariantCodeMotionPass.doPass(LoopInvariantCodeMotionPass.java:77)
	at cn.edu.nju.software.pass.LoopInvariantCodeMotionPass.doPass(LoopInvariantCodeMotionPass.java:77)
	at cn.edu.nju.software.pass.LoopInvariantCodeMotionPass.doPass(LoopInvariantCodeMotionPass.java:77)
	at cn.edu.nju.software.pass.LoopInvariantCodeMotionPass.doPass(LoopInvariantCodeMotionPass.java:77)
	at cn.edu.nju.software.pass.LoopInvariantCodeMotionPass.doPass(LoopInvariantCodeMotionPass.java:77)
	at cn.edu.nju.software.pass.LoopInvariantCodeMotionPass.doPass(LoopInvariantCodeMotionPass.java:77)
	at cn.edu.nju.software.pass.LoopInvariantCodeMotionPass.doPass(LoopInvariantCodeMotionPass.java:77)
	at cn.edu.nju.software.pass.LoopInvariantCodeMotionPass.doPass(LoopInvariantCodeMotionPass.java:77)
	at cn.edu.nju.software.pass.LoopInvariantCodeMotionPass.doPass(LoopInvariantCodeMotionPass.java:77)
	at cn.edu.nju.software.pass.LoopInvariantCodeMotionPass.doPass(LoopInvariantCodeMotionPass.java:77)
	at cn.edu.nju.software.pass.LoopInvariantCodeMotionPass.doPass(LoopInvariantCodeMotionPass.java:77)
	at cn.edu.nju.software.pass.LoopInvariantCodeMotionPass.doPass(LoopInvariantCodeMotionPass.java:77)
	at cn.edu.nju.software.pass.LoopInvariantCodeMotionPass.doPass(LoopInvariantCodeMotionPass.java:77)
	at cn.edu.nju.software.pass.LoopInvariantCodeMotionPass.doPass(LoopInvariantCodeMotionPass.java:77)
	at cn.edu.nju.software.pass.LoopInvariantCodeMotionPass.doPass(LoopInvariantCodeMotionPass.java:77)
	at cn.edu.nju.software.pass.LoopInvariantCodeMotionPass.doPass(LoopInvariantCodeMotionPass.java:77)
	at cn.edu.nju.software.pass.LoopInvariantCodeMotionPass.doPass(LoopInvariantCodeMotionPass.java:77)
	at cn.edu.nju.software.pass.LoopInvariantCodeMotionPass.doPass(LoopInvariantCodeMotionPass.java:77)
	at cn.edu.nju.software.pass.LoopInvariantCodeMotionPass.doPass(LoopInvariantCodeMotionPass.java:77)
	at cn.edu.nju.software.pass.LoopInvariantCodeMotionPass.doPass(LoopInvariantCodeMotionPass.java:77)
	at cn.edu.nju.software.pass.LoopInvariantCodeMotionPass.doPass(LoopInvariantCodeMotionPass.java:77)
	at cn.edu.nju.software.pass.LoopInvariantCodeMotionPass.doPass(LoopInvariantCodeMotionPass.java:77)
	at cn.edu.nju.software.pass.LoopInvariantCodeMotionPass.doPass(LoopInvariantCodeMotionPass.java:77)
	at cn.edu.nju.software.pass.LoopInvariantCodeMotionPass.doPass(LoopInvariantCodeMotionPass.java:77)
	at cn.edu.nju.software.pass.LoopInvariantCodeMotionPass.doPass(LoopInvariantCodeMotionPass.java:77)
	at cn.edu.nju.software.pass.LoopInvariantCodeMotionPass.doPass(LoopInvariantCodeMotionPass.java:77)
	at cn.edu.nju.software.pass.LoopInvariantCodeMotionPass.doPass(LoopInvariantCodeMotionPass.java:77)
	at cn.edu.nju.software.pass.LoopInvariantCodeMotionPass.doPass(LoopInvariantCodeMotionPass.java:77)
	at cn.edu.nju.software.pass.LoopInvariantCodeMotionPass.doPass(LoopInvariantCodeMotionPass.java:77)
	at cn.edu.nju.software.pass.LoopInvariantCodeMotionPass.doPass(LoopInvariantCodeMotionPass.java:77)
	at cn.edu.nju.software.pass.LoopInvariantCodeMotionPass.doPass(LoopInvariantCodeMotionPass.java:77)
	at cn.edu.nju.software.pass.LoopInvariantCodeMotionPass.doPass(LoopInvariantCodeMotionPass.java:77)
	at cn.edu.nju.software.pass.LoopInvariantCodeMotionPass.doPass(LoopInvariantCodeMotionPass.java:77)
	at cn.edu.nju.software.pass.LoopInvariantCodeMotionPass.doPass(LoopInvariantCodeMotionPass.java:77)
	at cn.edu.nju.software.pass.LoopInvariantCodeMotionPass.doPass(LoopInvariantCodeMotionPass.java:77)
	at cn.edu.nju.software.pass.LoopInvariantCodeMotionPass.doPass(LoopInvariantCodeMotionPass.java:77)
	at cn.edu.nju.software.pass.LoopInvariantCodeMotionPass.doPass(LoopInvariantCodeMotionPass.java:77)
	at cn.edu.nju.software.pass.LoopInvariantCodeMotionPass.doPass(LoopInvariantCodeMotionPass.java:77)
	at cn.edu.nju.software.pass.LoopInvariantCodeMotionPass.doPass(LoopInvariantCodeMotionPass.java:77)
	at cn.edu.nju.software.pass.LoopInvariantCodeMotionPass.doPass(LoopInvariantCodeMotionPass.java:77)
	at cn.edu.nju.software.pass.LoopInvariantCodeMotionPass.doPass(LoopInvariantCodeMotionPass.java:77)
	at cn.edu.nju.software.pass.LoopInvariantCodeMotionPass.doPass(LoopInvariantCodeMotionPass.java:77)
	at cn.edu.nju.software.pass.LoopInvariantCodeMotionPass.doPass(LoopInvariantCodeMotionPass.java:77)
	at cn.edu.nju.software.pass.LoopInvariantCodeMotionPass.doPass(LoopInvariantCodeMotionPass.java:77)
	at cn.edu.nju.software.pass.LoopInvariantCodeMotionPass.doPass(LoopInvariantCodeMotionPass.java:77)
	at cn.edu.nju.software.pass.LoopInvariantCodeMotionPass.doPass(LoopInvariantCodeMotionPass.java:77)
	at cn.edu.nju.software.pass.LoopInvariantCodeMotionPass.doPass(LoopInvariantCodeMotionPass.java:77)
	at cn.edu.nju.software.pass.LoopInvariantCodeMotionPass.doPass(LoopInvariantCodeMotionPass.java:77)
	at cn.edu.nju.software.pass.LoopInvariantCodeMotionPass.doPass(LoopInvariantCodeMotionPass.java:77)
	at cn.edu.nju.software.pass.LoopInvariantCodeMotionPass.doPass(LoopInvariantCodeMotionPass.java:77)
	at cn.edu.nju.software.pass.LoopInvariantCodeMotionPass.doPass(LoopInvariantCodeMotionPass.java:77)
	at cn.edu.nju.software.pass.LoopInvariantCodeMotionPass.doPass(LoopInvariantCodeMotionPass.java:77)
	at cn.edu.nju.software.pass.LoopInvariantCodeMotionPass.doPass(LoopInvariantCodeMotionPass.java:77)
	at cn.edu.nju.software.pass.LoopInvariantCodeMotionPass.doPass(LoopInvariantCodeMotionPass.java:77)
	at cn.edu.nju.software.pass.LoopInvariantCodeMotionPass.doPass(LoopInvariantCodeMotionPass.java:77)
	at cn.edu.nju.software.pass.LoopInvariantCodeMotionPass.doPass(LoopInvariantCodeMotionPass.java:77)
	at cn.edu.nju.software.pass.LoopInvariantCodeMotionPass.doPass(LoopInvariantCodeMotionPass.java:77)
	at cn.edu.nju.software.pass.LoopInvariantCodeMotionPass.doPass(LoopInvariantCodeMotionPass.java:77)
	at cn.edu.nju.software.pass.LoopInvariantCodeMotionPass.doPass(LoopInvariantCodeMotionPass.java:77)
	at cn.edu.nju.software.pass.LoopInvariantCodeMotionPass.doPass(LoopInvariantCodeMotionPass.java:77)
	at cn.edu.nju.software.pass.LoopInvariantCodeMotionPass.doPass(LoopInvariantCodeMotionPass.java:77)
	at cn.edu.nju.software.pass.LoopInvariantCodeMotionPass.doPass(LoopInvariantCodeMotionPass.java:77)
	at cn.edu.nju.software.pass.LoopInvariantCodeMotionPass.doPass(LoopInvariantCodeMotionPass.java:77)
	at cn.edu.nju.software.pass.LoopInvariantCodeMotionPass.doPass(LoopInvariantCodeMotionPass.java:77)
	at cn.edu.nju.software.pass.LoopInvariantCodeMotionPass.doPass(LoopInvariantCodeMotionPass.java:77)
	at cn.edu.nju.software.pass.LoopInvariantCodeMotionPass.doPass(LoopInvariantCodeMotionPass.java:77)
	at cn.edu.nju.software.pass.LoopInvariantCodeMotionPass.doPass(LoopInvariantCodeMotionPass.java:77)
	at cn.edu.nju.software.pass.LoopInvariantCodeMotionPass.doPass(LoopInvariantCodeMotionPass.java:77)
	at cn.edu.nju.software.pass.LoopInvariantCodeMotionPass.doPass(LoopInvariantCodeMotionPass.java:77)
	at cn.edu.nju.software.pass.LoopInvariantCodeMotionPass.doPass(LoopInvariantCodeMotionPass.java:77)
	at cn.edu.nju.software.pass.LoopInvariantCodeMotionPass.doPass(LoopInvariantCodeMotionPass.java:77)
	at cn.edu.nju.software.pass.LoopInvariantCodeMotionPass.doPass(LoopInvariantCodeMotionPass.java:77)
	at cn.edu.nju.software.pass.LoopInvariantCodeMotionPass.doPass(LoopInvariantCodeMotionPass.java:77)
	at cn.edu.nju.software.pass.LoopInvariantCodeMotionPass.doPass(LoopInvariantCodeMotionPass.java:77)
	at cn.edu.nju.software.pass.LoopInvariantCodeMotionPass.doPass(LoopInvariantCodeMotionPass.java:77)
	at cn.edu.nju.software.pass.LoopInvariantCodeMotionPass.doPass(LoopInvariantCodeMotionPass.java:77)
	at cn.edu.nju.software.pass.LoopInvariantCodeMotionPass.doPass(LoopInvariantCodeMotionPass.java:77)
	at cn.edu.nju.software.pass.LoopInvariantCodeMotionPass.doPass(LoopInvariantCodeMotionPass.java:77)
	at cn.edu.nju.software.pass.LoopInvariantCodeMotionPass.doPass(LoopInvariantCodeMotionPass.java:77)
	at cn.edu.nju.software.pass.LoopInvariantCodeMotionPass.doPass(LoopInvariantCodeMotionPass.java:77)
	at cn.edu.nju.software.pass.LoopInvariantCodeMotionPass.doPass(LoopInvariantCodeMotionPass.java:77)
	at cn.edu.nju.software.pass.LoopInvariantCodeMotionPass.doPass(LoopInvariantCodeMotionPass.java:77)
	at cn.edu.nju.software.pass.LoopInvariantCodeMotionPass.doPass(LoopInvariantCodeMotionPass.java:77)
	at cn.edu.nju.software.pass.LoopInvariantCodeMotionPass.doPass(LoopInvariantCodeMotionPass.java:77)
	at cn.edu.nju.software.pass.LoopInvariantCodeMotionPass.doPass(LoopInvariantCodeMotionPass.java:77)
	at cn.edu.nju.software.pass.LoopInvariantCodeMotionPass.doPass(LoopInvariantCodeMotionPass.java:77)
	at cn.edu.nju.software.pass.LoopInvariantCodeMotionPass.doPass(LoopInvariantCodeMotionPass.java:77)
	at cn.edu.nju.software.pass.LoopInvariantCodeMotionPass.doPass(LoopInvariantCodeMotionPass.java:77)
	at cn.edu.nju.software.pass.LoopInvariantCodeMotionPass.doPass(LoopInvariantCodeMotionPass.java:77)
	at cn.edu.nju.software.pass.LoopInvariantCodeMotionPass.doPass(LoopInvariantCodeMotionPass.java:77)
	at cn.edu.nju.software.pass.LoopInvariantCodeMotionPass.doPass(LoopInvariantCodeMotionPass.java:77)
	at cn.edu.nju.software.pass.LoopInvariantCodeMotionPass.doPass(LoopInvariantCodeMotionPass.java:77)
	at cn.edu.nju.software.pass.LoopInvariantCodeMotionPass.doPass(LoopInvariantCodeMotionPass.java:77)
	at cn.edu.nju.software.pass.LoopInvariantCodeMotionPass.doPass(LoopInvariantCodeMotionPass.java:77)
	at cn.edu.nju.software.pass.LoopInvariantCodeMotionPass.doPass(LoopInvariantCodeMotionPass.java:77)
	at cn.edu.nju.software.pass.LoopInvariantCodeMotionPass.doPass(LoopInvariantCodeMotionPass.java:77)
	at cn.edu.nju.software.pass.LoopInvariantCodeMotionPass.doPass(LoopInvariantCodeMotionPass.java:77)
	at cn.edu.nju.software.pass.LoopInvariantCodeMotionPass.doPass(LoopInvariantCodeMotionPass.java:77)
	at cn.edu.nju.software.pass.LoopInvariantCodeMotionPass.doPass(LoopInvariantCodeMotionPass.java:77)
	at cn.edu.nju.software.pass.LoopInvariantCodeMotionPass.doPass(LoopInvariantCodeMotionPass.java:77)
	at cn.edu.nju.software.pass.LoopInvariantCodeMotionPass.doPass(LoopInvariantCodeMotionPass.java:77)
	at cn.edu.nju.software.pass.LoopInvariantCodeMotionPass.doPass(LoopInvariantCodeMotionPass.java:77)
	at cn.edu.nju.software.pass.LoopInvariantCodeMotionPass.doPass(LoopInvariantCodeMotionPass.java:77)
	at cn.edu.nju.software.pass.LoopInvariantCodeMotionPass.doPass(LoopInvariantCodeMotionPass.java:77)
	at cn.edu.nju.software.pass.LoopInvariantCodeMotionPass.doPass(LoopInvariantCodeMotionPass.java:77)
	at cn.edu.nju.software.pass.LoopInvariantCodeMotionPass.doPass(LoopInvariantCodeMotionPass.java:77)
	at cn.edu.nju.software.pass.LoopInvariantCodeMotionPass.doPass(LoopInvariantCodeMotionPass.java:77)
	at cn.edu.nju.software.pass.LoopInvariantCodeMotionPass.doPass(LoopInvariantCodeMotionPass.java:77)
	at cn.edu.nju.software.pass.LoopInvariantCodeMotionPass.doPass(LoopInvariantCodeMotionPass.java:77)
	at cn.edu.nju.software.pass.LoopInvariantCodeMotionPass.doPass(LoopInvariantCodeMotionPass.java:77)
	at cn.edu.nju.software.pass.LoopInvariantCodeMotionPass.doPass(LoopInvariantCodeMotionPass.java:77)
	at cn.edu.nju.software.pass.LoopInvariantCodeMotionPass.doPass(LoopInvariantCodeMotionPass.java:77)
	at cn.edu.nju.software.pass.LoopInvariantCodeMotionPass.doPass(LoopInvariantCodeMotionPass.java:77)
	at cn.edu.nju.software.pass.LoopInvariantCodeMotionPass.doPass(LoopInvariantCodeMotionPass.java:77)
	at cn.edu.nju.software.pass.LoopInvariantCodeMotionPass.doPass(LoopInvariantCodeMotionPass.java:77)
	at cn.edu.nju.software.pass.LoopInvariantCodeMotionPass.doPass(LoopInvariantCodeMotionPass.java:77)
	at cn.edu.nju.software.pass.LoopInvariantCodeMotionPass.doPass(LoopInvariantCodeMotionPass.java:77)
	at cn.edu.nju.software.pass.LoopInvariantCodeMotionPass.doPass(LoopInvariantCodeMotionPass.java:77)
	at cn.edu.nju.software.pass.LoopInvariantCodeMotionPass.doPass(LoopInvariantCodeMotionPass.java:77)
	at cn.edu.nju.software.pass.LoopInvariantCodeMotionPass.doPass(LoopInvariantCodeMotionPass.java:77)
	at cn.edu.nju.software.pass.LoopInvariantCodeMotionPass.doPass(LoopInvariantCodeMotionPass.java:77)
	at cn.edu.nju.software.pass.LoopInvariantCodeMotionPass.doPass(LoopInvariantCodeMotionPass.java:77)
	at cn.edu.nju.software.pass.LoopInvariantCodeMotionPass.doPass(LoopInvariantCodeMotionPass.java:77)
	at cn.edu.nju.software.pass.LoopInvariantCodeMotionPass.doPass(LoopInvariantCodeMotionPass.java:77)
	at cn.edu.nju.software.pass.LoopInvariantCodeMotionPass.doPass(LoopInvariantCodeMotionPass.java:77)
	at cn.edu.nju.software.pass.LoopInvariantCodeMotionPass.doPass(LoopInvariantCodeMotionPass.java:77)
	at cn.edu.nju.software.pass.LoopInvariantCodeMotionPass.doPass(LoopInvariantCodeMotionPass.java:77)
	at cn.edu.nju.software.pass.LoopInvariantCodeMotionPass.doPass(LoopInvariantCodeMotionPass.java:77)
	at cn.edu.nju.software.pass.LoopInvariantCodeMotionPass.doPass(LoopInvariantCodeMotionPass.java:77)
	at cn.edu.nju.software.pass.LoopInvariantCodeMotionPass.doPass(LoopInvariantCodeMotionPass.java:77)
	at cn.edu.nju.software.pass.LoopInvariantCodeMotionPass.doPass(LoopInvariantCodeMotionPass.java:77)
	at cn.edu.nju.software.pass.LoopInvariantCodeMotionPass.doPass(LoopInvariantCodeMotionPass.java:77)
	at cn.edu.nju.software.pass.LoopInvariantCodeMotionPass.doPass(LoopInvariantCodeMotionPass.java:77)
	at cn.edu.nju.software.pass.LoopInvariantCodeMotionPass.doPass(LoopInvariantCodeMotionPass.java:77)
	at cn.edu.nju.software.pass.LoopInvariantCodeMotionPass.doPass(LoopInvariantCodeMotionPass.java:77)
	at cn.edu.nju.software.pass.LoopInvariantCodeMotionPass.doPass(LoopInvariantCodeMotionPass.java:77)
	at cn.edu.nju.software.pass.LoopInvariantCodeMotionPass.doPass(LoopInvariantCodeMotionPass.java:77)
	at cn.edu.nju.software.pass.LoopInvariantCodeMotionPass.doPass(LoopInvariantCodeMotionPass.java:77)
	at cn.edu.nju.software.pass.LoopInvariantCodeMotionPass.doPass(LoopInvariantCodeMotionPass.java:77)
	at cn.edu.nju.software.pass.LoopInvariantCodeMotionPass.doPass(LoopInvariantCodeMotionPass.java:77)
	at cn.edu.nju.software.pass.LoopInvariantCodeMotionPass.doPass(LoopInvariantCodeMotionPass.java:77)
	at cn.edu.nju.software.pass.LoopInvariantCodeMotionPass.doPass(LoopInvariantCodeMotionPass.java:77)
	at cn.edu.nju.software.pass.LoopInvariantCodeMotionPass.doPass(LoopInvariantCodeMotionPass.java:77)
	at cn.edu.nju.software.pass.LoopInvariantCodeMotionPass.doPass(LoopInvariantCodeMotionPass.java:77)
	at cn.edu.nju.software.pass.LoopInvariantCodeMotionPass.doPass(LoopInvariantCodeMotionPass.java:77)
	at cn.edu.nju.software.pass.LoopInvariantCodeMotionPass.doPass(LoopInvariantCodeMotionPass.java:77)
	at cn.edu.nju.software.pass.LoopInvariantCodeMotionPass.doPass(LoopInvariantCodeMotionPass.java:77)
	at cn.edu.nju.software.pass.LoopInvariantCodeMotionPass.doPass(LoopInvariantCodeMotionPass.java:77)
	at cn.edu.nju.software.pass.LoopInvariantCodeMotionPass.doPass(LoopInvariantCodeMotionPass.java:77)
	at cn.edu.nju.software.pass.LoopInvariantCodeMotionPass.doPass(LoopInvariantCodeMotionPass.java:77)
	at cn.edu.nju.software.pass.LoopInvariantCodeMotionPass.doPass(LoopInvariantCodeMotionPass.java:77)
	at cn.edu.nju.software.pass.LoopInvariantCodeMotionPass.doPass(LoopInvariantCodeMotionPass.java:77)
	at cn.edu.nju.software.pass.LoopInvariantCodeMotionPass.doPass(LoopInvariantCodeMotionPass.java:77)
	at cn.edu.nju.software.pass.LoopInvariantCodeMotionPass.doPass(LoopInvariantCodeMotionPass.java:77)
	at cn.edu.nju.software.pass.LoopInvariantCodeMotionPass.doPass(LoopInvariantCodeMotionPass.java:77)
	at cn.edu.nju.software.pass.LoopInvariantCodeMotionPass.doPass(LoopInvariantCodeMotionPass.java:77)
	at cn.edu.nju.software.pass.LoopInvariantCodeMotionPass.doPass(LoopInvariantCodeMotionPass.java:77)
	at cn.edu.nju.software.pass.LoopInvariantCodeMotionPass.doPass(LoopInvariantCodeMotionPass.java:77)
	at cn.edu.nju.software.pass.LoopInvariantCodeMotionPass.doPass(LoopInvariantCodeMotionPass.java:77)
	at cn.edu.nju.software.pass.LoopInvariantCodeMotionPass.doPass(LoopInvariantCodeMotionPass.java:77)
	at cn.edu.nju.software.pass.LoopInvariantCodeMotionPass.doPass(LoopInvariantCodeMotionPass.java:77)
	at cn.edu.nju.software.pass.LoopInvariantCodeMotionPass.doPass(LoopInvariantCodeMotionPass.java:77)
	at cn.edu.nju.software.pass.LoopInvariantCodeMotionPass.doPass(LoopInvariantCodeMotionPass.java:77)
	at cn.edu.nju.software.pass.LoopInvariantCodeMotionPass.doPass(LoopInvariantCodeMotionPass.java:77)
	at cn.edu.nju.software.pass.LoopInvariantCodeMotionPass.doPass(LoopInvariantCodeMotionPass.java:77)
	at cn.edu.nju.software.pass.LoopInvariantCodeMotionPass.doPass(LoopInvariantCodeMotionPass.java:77)
	at cn.edu.nju.software.pass.LoopInvariantCodeMotionPass.doPass(LoopInvariantCodeMotionPass.java:77)
	at cn.edu.nju.software.pass.LoopInvariantCodeMotionPass.doPass(LoopInvariantCodeMotionPass.java:77)
	at cn.edu.nju.software.pass.LoopInvariantCodeMotionPass.doPass(LoopInvariantCodeMotionPass.java:77)
	at cn.edu.nju.software.pass.LoopInvariantCodeMotionPass.doPass(LoopInvariantCodeMotionPass.java:77)
	at cn.edu.nju.software.pass.LoopInvariantCodeMotionPass.doPass(LoopInvariantCodeMotionPass.java:77)
	at cn.edu.nju.software.pass.LoopInvariantCodeMotionPass.doPass(LoopInvariantCodeMotionPass.java:77)
	at cn.edu.nju.software.pass.LoopInvariantCodeMotionPass.doPass(LoopInvariantCodeMotionPass.java:77)
	at cn.edu.nju.software.pass.LoopInvariantCodeMotionPass.doPass(LoopInvariantCodeMotionPass.java:77)
	at cn.edu.nju.software.pass.LoopInvariantCodeMotionPass.doPass(LoopInvariantCodeMotionPass.java:77)
	at cn.edu.nju.software.pass.LoopInvariantCodeMotionPass.doPass(LoopInvariantCodeMotionPass.java:77)
	at cn.edu.nju.software.pass.LoopInvariantCodeMotionPass.doPass(LoopInvariantCodeMotionPass.java:77)
	at cn.edu.nju.software.pass.LoopInvariantCodeMotionPass.doPass(LoopInvariantCodeMotionPass.java:77)
	at cn.edu.nju.software.pass.LoopInvariantCodeMotionPass.doPass(LoopInvariantCodeMotionPass.java:77)
	at cn.edu.nju.software.pass.LoopInvariantCodeMotionPass.doPass(LoopInvariantCodeMotionPass.java:77)
	at cn.edu.nju.software.pass.LoopInvariantCodeMotionPass.doPass(LoopInvariantCodeMotionPass.java:77)
	at cn.edu.nju.software.pass.LoopInvariantCodeMotionPass.doPass(LoopInvariantCodeMotionPass.java:77)
	at cn.edu.nju.software.pass.LoopInvariantCodeMotionPass.doPass(LoopInvariantCodeMotionPass.java:77)
	at cn.edu.nju.software.pass.LoopInvariantCodeMotionPass.doPass(LoopInvariantCodeMotionPass.java:77)
	at cn.edu.nju.software.pass.LoopInvariantCodeMotionPass.doPass(LoopInvariantCodeMotionPass.java:77)
	at cn.edu.nju.software.pass.LoopInvariantCodeMotionPass.doPass(LoopInvariantCodeMotionPass.java:77)
	at cn.edu.nju.software.pass.LoopInvariantCodeMotionPass.doPass(LoopInvariantCodeMotionPass.java:77)
	at cn.edu.nju.software.pass.LoopInvariantCodeMotionPass.doPass(LoopInvariantCodeMotionPass.java:77)
	at cn.edu.nju.software.pass.LoopInvariantCodeMotionPass.doPass(LoopInvariantCodeMotionPass.java:77)
	at cn.edu.nju.software.pass.LoopInvariantCodeMotionPass.doPass(LoopInvariantCodeMotionPass.java:77)
	at cn.edu.nju.software.pass.LoopInvariantCodeMotionPass.doPass(LoopInvariantCodeMotionPass.java:77)
	at cn.edu.nju.software.pass.LoopInvariantCodeMotionPass.doPass(LoopInvariantCodeMotionPass.java:77)
	at cn.edu.nju.software.pass.LoopInvariantCodeMotionPass.doPass(LoopInvariantCodeMotionPass.java:77)
	at cn.edu.nju.software.pass.LoopInvariantCodeMotionPass.doPass(LoopInvariantCodeMotionPass.java:77)
	at cn.edu.nju.software.pass.LoopInvariantCodeMotionPass.doPass(LoopInvariantCodeMotionPass.java:77)
	at cn.edu.nju.software.pass.LoopInvariantCodeMotionPass.doPass(LoopInvariantCodeMotionPass.java:77)
	at cn.edu.nju.software.pass.LoopInvariantCodeMotionPass.doPass(LoopInvariantCodeMotionPass.java:77)
	at cn.edu.nju.software.pass.LoopInvariantCodeMotionPass.doPass(LoopInvariantCodeMotionPass.java:77)
	at cn.edu.nju.software.pass.LoopInvariantCodeMotionPass.doPass(LoopInvariantCodeMotionPass.java:77)
	at cn.edu.nju.software.pass.LoopInvariantCodeMotionPass.doPass(LoopInvariantCodeMotionPass.java:77)
	at cn.edu.nju.software.pass.LoopInvariantCodeMotionPass.doPass(LoopInvariantCodeMotionPass.java:77)
	at cn.edu.nju.software.pass.LoopInvariantCodeMotionPass.doPass(LoopInvariantCodeMotionPass.java:77)
	at cn.edu.nju.software.pass.LoopInvariantCodeMotionPass.doPass(LoopInvariantCodeMotionPass.java:77)
	at cn.edu.nju.software.pass.LoopInvariantCodeMotionPass.doPass(LoopInvariantCodeMotionPass.java:77)
	at cn.edu.nju.software.pass.LoopInvariantCodeMotionPass.doPass(LoopInvariantCodeMotionPass.java:77)
	at cn.edu.nju.software.pass.LoopInvariantCodeMotionPass.doPass(LoopInvariantCodeMotionPass.java:77)
	at cn.edu.nju.software.pass.LoopInvariantCodeMotionPass.doPass(LoopInvariantCodeMotionPass.java:77)
	at cn.edu.nju.software.pass.LoopInvariantCodeMotionPass.doPass(LoopInvariantCodeMotionPass.java:77)
	at cn.edu.nju.software.pass.LoopInvariantCodeMotionPass.doPass(LoopInvariantCodeMotionPass.java:77)
	at cn.edu.nju.software.pass.LoopInvariantCodeMotionPass.doPass(LoopInvariantCodeMotionPass.java:77)
	at cn.edu.nju.software.pass.LoopInvariantCodeMotionPass.doPass(LoopInvariantCodeMotionPass.java:77)
	at cn.edu.nju.software.pass.LoopInvariantCodeMotionPass.doPass(LoopInvariantCodeMotionPass.java:77)
	at cn.edu.nju.software.pass.LoopInvariantCodeMotionPass.doPass(LoopInvariantCodeMotionPass.java:77)
	at cn.edu.nju.software.pass.LoopInvariantCodeMotionPass.doPass(LoopInvariantCodeMotionPass.java:77)
	at cn.edu.nju.software.pass.LoopInvariantCodeMotionPass.doPass(LoopInvariantCodeMotionPass.java:77)
	at cn.edu.nju.software.pass.LoopInvariantCodeMotionPass.doPass(LoopInvariantCodeMotionPass.java:77)
	at cn.edu.nju.software.pass.LoopInvariantCodeMotionPass.doPass(LoopInvariantCodeMotionPass.java:77)
	at cn.edu.nju.software.pass.LoopInvariantCodeMotionPass.doPass(LoopInvariantCodeMotionPass.java:77)
	at cn.edu.nju.software.pass.LoopInvariantCodeMotionPass.doPass(LoopInvariantCodeMotionPass.java:77)
	at cn.edu.nju.software.pass.LoopInvariantCodeMotionPass.doPass(LoopInvariantCodeMotionPass.java:77)
	at cn.edu.nju.software.pass.LoopInvariantCodeMotionPass.doPass(LoopInvariantCodeMotionPass.java:77)
	at cn.edu.nju.software.pass.LoopInvariantCodeMotionPass.doPass(LoopInvariantCodeMotionPass.java:77)
	at cn.edu.nju.software.pass.LoopInvariantCodeMotionPass.doPass(LoopInvariantCodeMotionPass.java:77)
	at cn.edu.nju.software.pass.LoopInvariantCodeMotionPass.doPass(LoopInvariantCodeMotionPass.java:77)
	at cn.edu.nju.software.pass.LoopInvariantCodeMotionPass.doPass(LoopInvariantCodeMotionPass.java:77)
	at cn.edu.nju.software.pass.LoopInvariantCodeMotionPass.doPass(LoopInvariantCodeMotionPass.java:77)
	at cn.edu.nju.software.pass.LoopInvariantCodeMotionPass.doPass(LoopInvariantCodeMotionPass.java:77)
	at cn.edu.nju.software.pass.LoopInvariantCodeMotionPass.doPass(LoopInvariantCodeMotionPass.java:77)
	at cn.edu.nju.software.pass.LoopInvariantCodeMotionPass.doPass(LoopInvariantCodeMotionPass.java:77)
	at cn.edu.nju.software.pass.LoopInvariantCodeMotionPass.doPass(LoopInvariantCodeMotionPass.java:77)
	at cn.edu.nju.software.pass.LoopInvariantCodeMotionPass.doPass(LoopInvariantCodeMotionPass.java:77)
	at cn.edu.nju.software.pass.LoopInvariantCodeMotionPass.doPass(LoopInvariantCodeMotionPass.java:77)
	at cn.edu.nju.software.pass.LoopInvariantCodeMotionPass.doPass(LoopInvariantCodeMotionPass.java:77)
	at cn.edu.nju.software.pass.LoopInvariantCodeMotionPass.doPass(LoopInvariantCodeMotionPass.java:77)
	at cn.edu.nju.software.pass.LoopInvariantCodeMotionPass.doPass(LoopInvariantCodeMotionPass.java:77)
	at cn.edu.nju.software.pass.LoopInvariantCodeMotionPass.doPass(LoopInvariantCodeMotionPass.java:77)
	at cn.edu.nju.software.pass.LoopInvariantCodeMotionPass.doPass(LoopInvariantCodeMotionPass.java:77)
	at cn.edu.nju.software.pass.LoopInvariantCodeMotionPass.doPass(LoopInvariantCodeMotionPass.java:77)
	at cn.edu.nju.software.pass.LoopInvariantCodeMotionPass.doPass(LoopInvariantCodeMotionPass.java:77)
	at cn.edu.nju.software.pass.LoopInvariantCodeMotionPass.doPass(LoopInvariantCodeMotionPass.java:77)
	at cn.edu.nju.software.pass.LoopInvariantCodeMotionPass.doPass(LoopInvariantCodeMotionPass.java:77)
	at cn.edu.nju.software.pass.LoopInvariantCodeMotionPass.doPass(LoopInvariantCodeMotionPass.java:77)
	at cn.edu.nju.software.pass.LoopInvariantCodeMotionPass.doPass(LoopInvariantCodeMotionPass.java:77)
	at cn.edu.nju.software.pass.LoopInvariantCodeMotionPass.doPass(LoopInvariantCodeMotionPass.java:77)
	at cn.edu.nju.software.pass.LoopInvariantCodeMotionPass.doPass(LoopInvariantCodeMotionPass.java:77)
	at cn.edu.nju.software.pass.LoopInvariantCodeMotionPass.doPass(LoopInvariantCodeMotionPass.java:77)
	at cn.edu.nju.software.pass.LoopInvariantCodeMotionPass.doPass(LoopInvariantCodeMotionPass.java:77)
	at cn.edu.nju.software.pass.LoopInvariantCodeMotionPass.doPass(LoopInvariantCodeMotionPass.java:77)
	at cn.edu.nju.software.pass.LoopInvariantCodeMotionPass.doPass(LoopInvariantCodeMotionPass.java:77)
	at cn.edu.nju.software.pass.LoopInvariantCodeMotionPass.doPass(LoopInvariantCodeMotionPass.java:77)
	at cn.edu.nju.software.pass.LoopInvariantCodeMotionPass.doPass(LoopInvariantCodeMotionPass.java:77)
	at cn.edu.nju.software.pass.LoopInvariantCodeMotionPass.doPass(LoopInvariantCodeMotionPass.java:77)
	at cn.edu.nju.software.pass.LoopInvariantCodeMotionPass.doPass(LoopInvariantCodeMotionPass.java:77)
	at cn.edu.nju.software.pass.LoopInvariantCodeMotionPass.doPass(LoopInvariantCodeMotionPass.java:77)
	at cn.edu.nju.software.pass.LoopInvariantCodeMotionPass.doPass(LoopInvariantCodeMotionPass.java:77)
	at cn.edu.nju.software.pass.LoopInvariantCodeMotionPass.doPass(LoopInvariantCodeMotionPass.java:77)
	at cn.edu.nju.software.pass.LoopInvariantCodeMotionPass.doPass(LoopInvariantCodeMotionPass.java:77)
	at cn.edu.nju.software.pass.LoopInvariantCodeMotionPass.doPass(LoopInvariantCodeMotionPass.java:77)
	at cn.edu.nju.software.pass.LoopInvariantCodeMotionPass.doPass(LoopInvariantCodeMotionPass.java:77)
	at cn.edu.nju.software.pass.LoopInvariantCodeMotionPass.doPass(LoopInvariantCodeMotionPass.java:77)
	at cn.edu.nju.software.pass.LoopInvariantCodeMotionPass.doPass(LoopInvariantCodeMotionPass.java:77)
	at cn.edu.nju.software.pass.LoopInvariantCodeMotionPass.doPass(LoopInvariantCodeMotionPass.java:77)
	at cn.edu.nju.software.pass.LoopInvariantCodeMotionPass.doPass(LoopInvariantCodeMotionPass.java:77)
	at cn.edu.nju.software.pass.LoopInvariantCodeMotionPass.doPass(LoopInvariantCodeMotionPass.java:77)
	at cn.edu.nju.software.pass.LoopInvariantCodeMotionPass.doPass(LoopInvariantCodeMotionPass.java:77)
	at cn.edu.nju.software.pass.LoopInvariantCodeMotionPass.doPass(LoopInvariantCodeMotionPass.java:77)
	at cn.edu.nju.software.pass.LoopInvariantCodeMotionPass.doPass(LoopInvariantCodeMotionPass.java:77)
	at cn.edu.nju.software.pass.LoopInvariantCodeMotionPass.doPass(LoopInvariantCodeMotionPass.java:77)
	at cn.edu.nju.software.pass.LoopInvariantCodeMotionPass.doPass(LoopInvariantCodeMotionPass.java:77)
	at cn.edu.nju.software.pass.LoopInvariantCodeMotionPass.doPass(LoopInvariantCodeMotionPass.java:77)
	at cn.edu.nju.software.pass.LoopInvariantCodeMotionPass.doPass(LoopInvariantCodeMotionPass.java:77)
	at cn.edu.nju.software.pass.LoopInvariantCodeMotionPass.doPass(LoopInvariantCodeMotionPass.java:77)
	at cn.edu.nju.software.pass.LoopInvariantCodeMotionPass.doPass(LoopInvariantCodeMotionPass.java:77)
	at cn.edu.nju.software.pass.LoopInvariantCodeMotionPass.doPass(LoopInvariantCodeMotionPass.java:77)
	at cn.edu.nju.software.pass.LoopInvariantCodeMotionPass.doPass(LoopInvariantCodeMotionPass.java:77)
	at cn.edu.nju.software.pass.LoopInvariantCodeMotionPass.doPass(LoopInvariantCodeMotionPass.java:77)
	at cn.edu.nju.software.pass.LoopInvariantCodeMotionPass.doPass(LoopInvariantCodeMotionPass.java:77)
	at cn.edu.nju.software.pass.LoopInvariantCodeMotionPass.doPass(LoopInvariantCodeMotionPass.java:77)
	at cn.edu.nju.software.pass.LoopInvariantCodeMotionPass.doPass(LoopInvariantCodeMotionPass.java:77)
	at cn.edu.nju.software.pass.LoopInvariantCodeMotionPass.doPass(LoopInvariantCodeMotionPass.java:77)
	at cn.edu.nju.software.pass.LoopInvariantCodeMotionPass.doPass(LoopInvariantCodeMotionPass.java:77)
	at cn.edu.nju.software.pass.LoopInvariantCodeMotionPass.doPass(LoopInvariantCodeMotionPass.java:77)
	at cn.edu.nju.software.pass.LoopInvariantCodeMotionPass.doPass(LoopInvariantCodeMotionPass.java:77)
	at cn.edu.nju.software.pass.LoopInvariantCodeMotionPass.doPass(LoopInvariantCodeMotionPass.java:77)
	at cn.edu.nju.software.pass.LoopInvariantCodeMotionPass.doPass(LoopInvariantCodeMotionPass.java:77)
	at cn.edu.nju.software.pass.LoopInvariantCodeMotionPass.doPass(LoopInvariantCodeMotionPass.java:77)
	at cn.edu.nju.software.pass.LoopInvariantCodeMotionPass.doPass(LoopInvariantCodeMotionPass.java:77)
	at cn.edu.nju.software.pass.LoopInvariantCodeMotionPass.doPass(LoopInvariantCodeMotionPass.java:77)
	at cn.edu.nju.software.pass.LoopInvariantCodeMotionPass.doPass(LoopInvariantCodeMotionPass.java:77)
	at cn.edu.nju.software.pass.LoopInvariantCodeMotionPass.doPass(LoopInvariantCodeMotionPass.java:77)
	at cn.edu.nju.software.pass.LoopInvariantCodeMotionPass.doPass(LoopInvariantCodeMotionPass.java:77)
	at cn.edu.nju.software.pass.LoopInvariantCodeMotionPass.doPass(LoopInvariantCodeMotionPass.java:77)
	at cn.edu.nju.software.pass.LoopInvariantCodeMotionPass.doPass(LoopInvariantCodeMotionPass.java:77)
	at cn.edu.nju.software.pass.LoopInvariantCodeMotionPass.doPass(LoopInvariantCodeMotionPass.java:77)
	at cn.edu.nju.software.pass.LoopInvariantCodeMotionPass.doPass(LoopInvariantCodeMotionPass.java:77)
	at cn.edu.nju.software.pass.LoopInvariantCodeMotionPass.doPass(LoopInvariantCodeMotionPass.java:77)
	at cn.edu.nju.software.pass.LoopInvariantCodeMotionPass.doPass(LoopInvariantCodeMotionPass.java:77)
	at cn.edu.nju.software.pass.LoopInvariantCodeMotionPass.doPass(LoopInvariantCodeMotionPass.java:77)
	at cn.edu.nju.software.pass.LoopInvariantCodeMotionPass.doPass(LoopInvariantCodeMotionPass.java:77)
	at cn.edu.nju.software.pass.LoopInvariantCodeMotionPass.doPass(LoopInvariantCodeMotionPass.java:77)
	at cn.edu.nju.software.pass.LoopInvariantCodeMotionPass.doPass(LoopInvariantCodeMotionPass.java:77)
	at cn.edu.nju.software.pass.LoopInvariantCodeMotionPass.doPass(LoopInvariantCodeMotionPass.java:77)
	at cn.edu.nju.software.pass.LoopInvariantCodeMotionPass.doPass(LoopInvariantCodeMotionPass.java:77)
	at cn.edu.nju.software.pass.LoopInvariantCodeMotionPass.doPass(LoopInvariantCodeMotionPass.java:77)
	at cn.edu.nju.software.pass.LoopInvariantCodeMotionPass.doPass(LoopInvariantCodeMotionPass.java:77)
	at cn.edu.nju.software.pass.LoopInvariantCodeMotionPass.doPass(LoopInvariantCodeMotionPass.java:77)
	at cn.edu.nju.software.pass.LoopInvariantCodeMotionPass.doPass(LoopInvariantCodeMotionPass.java:77)
	at cn.edu.nju.software.pass.LoopInvariantCodeMotionPass.doPass(LoopInvariantCodeMotionPass.java:77)
	at cn.edu.nju.software.pass.LoopInvariantCodeMotionPass.doPass(LoopInvariantCodeMotionPass.java:77)
	at cn.edu.nju.software.pass.LoopInvariantCodeMotionPass.doPass(LoopInvariantCodeMotionPass.java:77)
	at cn.edu.nju.software.pass.LoopInvariantCodeMotionPass.doPass(LoopInvariantCodeMotionPass.java:77)
	at cn.edu.nju.software.pass.LoopInvariantCodeMotionPass.doPass(LoopInvariantCodeMotionPass.java:77)
	at cn.edu.nju.software.pass.LoopInvariantCodeMotionPass.doPass(LoopInvariantCodeMotionPass.java:77)
	at cn.edu.nju.software.pass.LoopInvariantCodeMotionPass.doPass(LoopInvariantCodeMotionPass.java:77)
	at cn.edu.nju.software.pass.LoopInvariantCodeMotionPass.doPass(LoopInvariantCodeMotionPass.java:77)
	at cn.edu.nju.software.pass.LoopInvariantCodeMotionPass.doPass(LoopInvariantCodeMotionPass.java:77)
	at cn.edu.nju.software.pass.LoopInvariantCodeMotionPass.doPass(LoopInvariantCodeMotionPass.java:77)
	at cn.edu.nju.software.pass.LoopInvariantCodeMotionPass.doPass(LoopInvariantCodeMotionPass.java:77)
	at cn.edu.nju.software.pass.LoopInvariantCodeMotionPass.doPass(LoopInvariantCodeMotionPass.java:77)
	at cn.edu.nju.software.pass.LoopInvariantCodeMotionPass.doPass(LoopInvariantCodeMotionPass.java:77)
	at cn.edu.nju.software.pass.LoopInvariantCodeMotionPass.doPass(LoopInvariantCodeMotionPass.java:77)
	at cn.edu.nju.software.pass.LoopInvariantCodeMotionPass.doPass(LoopInvariantCodeMotionPass.java:77)
	at cn.edu.nju.software.pass.LoopInvariantCodeMotionPass.doPass(LoopInvariantCodeMotionPass.java:77)
	at cn.edu.nju.software.pass.LoopInvariantCodeMotionPass.doPass(LoopInvariantCodeMotionPass.java:77)
	at cn.edu.nju.software.pass.LoopInvariantCodeMotionPass.doPass(LoopInvariantCodeMotionPass.java:77)
	at cn.edu.nju.software.pass.LoopInvariantCodeMotionPass.doPass(LoopInvariantCodeMotionPass.java:77)
	at cn.edu.nju.software.pass.LoopInvariantCodeMotionPass.doPass(LoopInvariantCodeMotionPass.java:77)
	at cn.edu.nju.software.pass.LoopInvariantCodeMotionPass.doPass(LoopInvariantCodeMotionPass.java:77)
	at cn.edu.nju.software.pass.LoopInvariantCodeMotionPass.doPass(LoopInvariantCodeMotionPass.java:77)
	at cn.edu.nju.software.pass.LoopInvariantCodeMotionPass.doPass(LoopInvariantCodeMotionPass.java:77)
	at cn.edu.nju.software.pass.LoopInvariantCodeMotionPass.doPass(LoopInvariantCodeMotionPass.java:77)
	at cn.edu.nju.software.pass.LoopInvariantCodeMotionPass.doPass(LoopInvariantCodeMotionPass.java:77)
	at cn.edu.nju.software.pass.LoopInvariantCodeMotionPass.doPass(LoopInvariantCodeMotionPass.java:77)
	at cn.edu.nju.software.pass.LoopInvariantCodeMotionPass.doPass(LoopInvariantCodeMotionPass.java:77)
	at cn.edu.nju.software.pass.LoopInvariantCodeMotionPass.doPass(LoopInvariantCodeMotionPass.java:77)
	at cn.edu.nju.software.pass.LoopInvariantCodeMotionPass.doPass(LoopInvariantCodeMotionPass.java:77)
	at cn.edu.nju.software.pass.LoopInvariantCodeMotionPass.doPass(LoopInvariantCodeMotionPass.java:77)
	at cn.edu.nju.software.pass.LoopInvariantCodeMotionPass.doPass(LoopInvariantCodeMotionPass.java:77)
	at cn.edu.nju.software.pass.LoopInvariantCodeMotionPass.doPass(LoopInvariantCodeMotionPass.java:77)
	at cn.edu.nju.software.pass.LoopInvariantCodeMotionPass.doPass(LoopInvariantCodeMotionPass.java:77)
	at cn.edu.nju.software.pass.LoopInvariantCodeMotionPass.doPass(LoopInvariantCodeMotionPass.java:77)
	at cn.edu.nju.software.pass.LoopInvariantCodeMotionPass.doPass(LoopInvariantCodeMotionPass.java:77)
	at cn.edu.nju.software.pass.LoopInvariantCodeMotionPass.doPass(LoopInvariantCodeMotionPass.java:77)
	at cn.edu.nju.software.pass.LoopInvariantCodeMotionPass.doPass(LoopInvariantCodeMotionPass.java:77)
	at cn.edu.nju.software.pass.LoopInvariantCodeMotionPass.doPass(LoopInvariantCodeMotionPass.java:77)
	at cn.edu.nju.software.pass.LoopInvariantCodeMotionPass.doPass(LoopInvariantCodeMotionPass.java:77)
	at cn.edu.nju.software.pass.LoopInvariantCodeMotionPass.doPass(LoopInvariantCodeMotionPass.java:77)
	at cn.edu.nju.software.pass.LoopInvariantCodeMotionPass.doPass(LoopInvariantCodeMotionPass.java:77)
	at cn.edu.nju.software.pass.LoopInvariantCodeMotionPass.doPass(LoopInvariantCodeMotionPass.java:77)
	at cn.edu.nju.software.pass.LoopInvariantCodeMotionPass.doPass(LoopInvariantCodeMotionPass.java:77)
	at cn.edu.nju.software.pass.LoopInvariantCodeMotionPass.doPass(LoopInvariantCodeMotionPass.java:77)
	at cn.edu.nju.software.pass.LoopInvariantCodeMotionPass.doPass(LoopInvariantCodeMotionPass.java:77)
	at cn.edu.nju.software.pass.LoopInvariantCodeMotionPass.doPass(LoopInvariantCodeMotionPass.java:77)
	at cn.edu.nju.software.pass.LoopInvariantCodeMotionPass.doPass(LoopInvariantCodeMotionPass.java:77)
	at cn.edu.nju.software.pass.LoopInvariantCodeMotionPass.doPass(LoopInvariantCodeMotionPass.java:77)
	at cn.edu.nju.software.pass.LoopInvariantCodeMotionPass.doPass(LoopInvariantCodeMotionPass.java:77)
	at cn.edu.nju.software.pass.LoopInvariantCodeMotionPass.doPass(LoopInvariantCodeMotionPass.java:77)
	at cn.edu.nju.software.pass.LoopInvariantCodeMotionPass.doPass(LoopInvariantCodeMotionPass.java:77)
	at cn.edu.nju.software.pass.LoopInvariantCodeMotionPass.doPass(LoopInvariantCodeMotionPass.java:77)
	at cn.edu.nju.software.pass.LoopInvariantCodeMotionPass.doPass(LoopInvariantCodeMotionPass.java:77)
	at cn.edu.nju.software.pass.LoopInvariantCodeMotionPass.doPass(LoopInvariantCodeMotionPass.java:77)
	at cn.edu.nju.software.pass.LoopInvariantCodeMotionPass.doPass(LoopInvariantCodeMotionPass.java:77)
	at cn.edu.nju.software.pass.LoopInvariantCodeMotionPass.doPass(LoopInvariantCodeMotionPass.java:77)
	at cn.edu.nju.software.pass.LoopInvariantCodeMotionPass.doPass(LoopInvariantCodeMotionPass.java:77)
	at cn.edu.nju.software.pass.LoopInvariantCodeMotionPass.doPass(LoopInvariantCodeMotionPass.java:77)
	at cn.edu.nju.software.pass.LoopInvariantCodeMotionPass.doPass(LoopInvariantCodeMotionPass.java:77)
	at cn.edu.nju.software.pass.LoopInvariantCodeMotionPass.doPass(LoopInvariantCodeMotionPass.java:77)
	at cn.edu.nju.software.pass.LoopInvariantCodeMotionPass.doPass(LoopInvariantCodeMotionPass.java:77)
	at cn.edu.nju.software.pass.LoopInvariantCodeMotionPass.doPass(LoopInvariantCodeMotionPass.java:77)
	at cn.edu.nju.software.pass.LoopInvariantCodeMotionPass.doPass(LoopInvariantCodeMotionPass.java:77)
	at cn.edu.nju.software.pass.LoopInvariantCodeMotionPass.doPass(LoopInvariantCodeMotionPass.java:77)
	at cn.edu.nju.software.pass.LoopInvariantCodeMotionPass.doPass(LoopInvariantCodeMotionPass.java:77)
	at cn.edu.nju.software.pass.LoopInvariantCodeMotionPass.doPass(LoopInvariantCodeMotionPass.java:77)
	at cn.edu.nju.software.pass.LoopInvariantCodeMotionPass.doPass(LoopInvariantCodeMotionPass.java:77)
	at cn.edu.nju.software.pass.LoopInvariantCodeMotionPass.doPass(LoopInvariantCodeMotionPass.java:77)
	at cn.edu.nju.software.pass.LoopInvariantCodeMotionPass.doPass(LoopInvariantCodeMotionPass.java:77)
	at cn.edu.nju.software.pass.LoopInvariantCodeMotionPass.doPass(LoopInvariantCodeMotionPass.java:77)
	at cn.edu.nju.software.pass.LoopInvariantCodeMotionPass.doPass(LoopInvariantCodeMotionPass.java:77)
	at cn.edu.nju.software.pass.LoopInvariantCodeMotionPass.doPass(LoopInvariantCodeMotionPass.java:77)
	at cn.edu.nju.software.pass.LoopInvariantCodeMotionPass.doPass(LoopInvariantCodeMotionPass.java:77)
	at cn.edu.nju.software.pass.LoopInvariantCodeMotionPass.doPass(LoopInvariantCodeMotionPass.java:77)
	at cn.edu.nju.software.pass.LoopInvariantCodeMotionPass.doPass(LoopInvariantCodeMotionPass.java:77)
	at cn.edu.nju.software.pass.LoopInvariantCodeMotionPass.doPass(LoopInvariantCodeMotionPass.java:77)
	at cn.edu.nju.software.pass.LoopInvariantCodeMotionPass.doPass(LoopInvariantCodeMotionPass.java:77)
	at cn.edu.nju.software.pass.LoopInvariantCodeMotionPass.doPass(LoopInvariantCodeMotionPass.java:77)
	at cn.edu.nju.software.pass.LoopInvariantCodeMotionPass.doPass(LoopInvariantCodeMotionPass.java:77)
	at cn.edu.nju.software.pass.LoopInvariantCodeMotionPass.doPass(LoopInvariantCodeMotionPass.java:77)
	at cn.edu.nju.software.pass.LoopInvariantCodeMotionPass.doPass(LoopInvariantCodeMotionPass.java:77)
	at cn.edu.nju.software.pass.LoopInvariantCodeMotionPass.doPass(LoopInvariantCodeMotionPass.java:77)
	at cn.edu.nju.software.pass.LoopInvariantCodeMotionPass.doPass(LoopInvariantCodeMotionPass.java:77)
	at cn.edu.nju.software.pass.LoopInvariantCodeMotionPass.doPass(LoopInvariantCodeMotionPass.java:77)
	at cn.edu.nju.software.pass.LoopInvariantCodeMotionPass.doPass(LoopInvariantCodeMotionPass.java:77)
	at cn.edu.nju.software.pass.LoopInvariantCodeMotionPass.doPass(LoopInvariantCodeMotionPass.java:77)
	at cn.edu.nju.software.pass.LoopInvariantCodeMotionPass.doPass(LoopInvariantCodeMotionPass.java:77)
	at cn.edu.nju.software.pass.LoopInvariantCodeMotionPass.doPass(LoopInvariantCodeMotionPass.java:77)
	at cn.edu.nju.software.pass.LoopInvariantCodeMotionPass.doPass(LoopInvariantCodeMotionPass.java:77)
	at cn.edu.nju.software.pass.LoopInvariantCodeMotionPass.doPass(LoopInvariantCodeMotionPass.java:77)
	at cn.edu.nju.software.pass.LoopInvariantCodeMotionPass.doPass(LoopInvariantCodeMotionPass.java:77)
	at cn.edu.nju.software.pass.LoopInvariantCodeMotionPass.doPass(LoopInvariantCodeMotionPass.java:77)
	at cn.edu.nju.software.pass.LoopInvariantCodeMotionPass.doPass(LoopInvariantCodeMotionPass.java:77)
	at cn.edu.nju.software.pass.LoopInvariantCodeMotionPass.doPass(LoopInvariantCodeMotionPass.java:77)
	at cn.edu.nju.software.pass.LoopInvariantCodeMotionPass.doPass(LoopInvariantCodeMotionPass.java:77)
	at cn.edu.nju.software.pass.LoopInvariantCodeMotionPass.doPass(LoopInvariantCodeMotionPass.java:77)
	at cn.edu.nju.software.pass.LoopInvariantCodeMotionPass.doPass(LoopInvariantCodeMotionPass.java:77)
	at cn.edu.nju.software.pass.LoopInvariantCodeMotionPass.doPass(LoopInvariantCodeMotionPass.java:77)
	at cn.edu.nju.software.pass.LoopInvariantCodeMotionPass.doPass(LoopInvariantCodeMotionPass.java:77)
	at cn.edu.nju.software.pass.LoopInvariantCodeMotionPass.doPass(LoopInvariantCodeMotionPass.java:77)
	at cn.edu.nju.software.pass.LoopInvariantCodeMotionPass.doPass(LoopInvariantCodeMotionPass.java:77)
	at cn.edu.nju.software.pass.LoopInvariantCodeMotionPass.doPass(LoopInvariantCodeMotionPass.java:77)
	at cn.edu.nju.software.pass.LoopInvariantCodeMotionPass.doPass(LoopInvariantCodeMotionPass.java:77)
	at cn.edu.nju.software.pass.LoopInvariantCodeMotionPass.doPass(LoopInvariantCodeMotionPass.java:77)
	at cn.edu.nju.software.pass.LoopInvariantCodeMotionPass.doPass(LoopInvariantCodeMotionPass.java:77)
	at cn.edu.nju.software.pass.LoopInvariantCodeMotionPass.doPass(LoopInvariantCodeMotionPass.java:77)
	at cn.edu.nju.software.pass.LoopInvariantCodeMotionPass.doPass(LoopInvariantCodeMotionPass.java:77)
	at cn.edu.nju.software.pass.LoopInvariantCodeMotionPass.doPass(LoopInvariantCodeMotionPass.java:77)
	at cn.edu.nju.software.pass.LoopInvariantCodeMotionPass.doPass(LoopInvariantCodeMotionPass.java:77)
	at cn.edu.nju.software.pass.LoopInvariantCodeMotionPass.doPass(LoopInvariantCodeMotionPass.java:77)
	at cn.edu.nju.software.pass.LoopInvariantCodeMotionPass.doPass(LoopInvariantCodeMotionPass.java:77)
	at cn.edu.nju.software.pass.LoopInvariantCodeMotionPass.doPass(LoopInvariantCodeMotionPass.java:77)
	at cn.edu.nju.software.pass.LoopInvariantCodeMotionPass.doPass(LoopInvariantCodeMotionPass.java:77)
	at cn.edu.nju.software.pass.LoopInvariantCodeMotionPass.doPass(LoopInvariantCodeMotionPass.java:77)
	at cn.edu.nju.software.pass.LoopInvariantCodeMotionPass.doPass(LoopInvariantCodeMotionPass.java:77)
	at cn.edu.nju.software.pass.LoopInvariantCodeMotionPass.doPass(LoopInvariantCodeMotionPass.java:77)
	at cn.edu.nju.software.pass.LoopInvariantCodeMotionPass.doPass(LoopInvariantCodeMotionPass.java:77)
	at cn.edu.nju.software.pass.LoopInvariantCodeMotionPass.doPass(LoopInvariantCodeMotionPass.java:77)
	at cn.edu.nju.software.pass.LoopInvariantCodeMotionPass.doPass(LoopInvariantCodeMotionPass.java:77)
	at cn.edu.nju.software.pass.LoopInvariantCodeMotionPass.doPass(LoopInvariantCodeMotionPass.java:77)
	at cn.edu.nju.software.pass.LoopInvariantCodeMotionPass.doPass(LoopInvariantCodeMotionPass.java:77)
	at cn.edu.nju.software.pass.LoopInvariantCodeMotionPass.doPass(LoopInvariantCodeMotionPass.java:77)
	at cn.edu.nju.software.pass.LoopInvariantCodeMotionPass.doPass(LoopInvariantCodeMotionPass.java:77)
	at cn.edu.nju.software.pass.LoopInvariantCodeMotionPass.doPass(LoopInvariantCodeMotionPass.java:77)
	at cn.edu.nju.software.pass.LoopInvariantCodeMotionPass.doPass(LoopInvariantCodeMotionPass.java:77)
	at cn.edu.nju.software.pass.LoopInvariantCodeMotionPass.doPass(LoopInvariantCodeMotionPass.java:77)
	at cn.edu.nju.software.pass.LoopInvariantCodeMotionPass.doPass(LoopInvariantCodeMotionPass.java:77)
	at cn.edu.nju.software.pass.LoopInvariantCodeMotionPass.doPass(LoopInvariantCodeMotionPass.java:77)
	at cn.edu.nju.software.pass.LoopInvariantCodeMotionPass.doPass(LoopInvariantCodeMotionPass.java:77)
	at cn.edu.nju.software.pass.LoopInvariantCodeMotionPass.doPass(LoopInvariantCodeMotionPass.java:77)
	at cn.edu.nju.software.pass.LoopInvariantCodeMotionPass.doPass(LoopInvariantCodeMotionPass.java:77)
	at cn.edu.nju.software.pass.LoopInvariantCodeMotionPass.doPass(LoopInvariantCodeMotionPass.java:77)
	at cn.edu.nju.software.pass.LoopInvariantCodeMotionPass.doPass(LoopInvariantCodeMotionPass.java:77)
	at cn.edu.nju.software.pass.LoopInvariantCodeMotionPass.doPass(LoopInvariantCodeMotionPass.java:77)
	at cn.edu.nju.software.pass.LoopInvariantCodeMotionPass.doPass(LoopInvariantCodeMotionPass.java:77)
	at cn.edu.nju.software.pass.LoopInvariantCodeMotionPass.doPass(LoopInvariantCodeMotionPass.java:77)
	at cn.edu.nju.software.pass.LoopInvariantCodeMotionPass.doPass(LoopInvariantCodeMotionPass.java:77)
	at cn.edu.nju.software.pass.LoopInvariantCodeMotionPass.doPass(LoopInvariantCodeMotionPass.java:77)
	at cn.edu.nju.software.pass.LoopInvariantCodeMotionPass.doPass(LoopInvariantCodeMotionPass.java:77)
	at cn.edu.nju.software.pass.LoopInvariantCodeMotionPass.doPass(LoopInvariantCodeMotionPass.java:77)
	at cn.edu.nju.software.pass.LoopInvariantCodeMotionPass.doPass(LoopInvariantCodeMotionPass.java:77)
	at cn.edu.nju.software.pass.LoopInvariantCodeMotionPass.doPass(LoopInvariantCodeMotionPass.java:77)
	at cn.edu.nju.software.pass.LoopInvariantCodeMotionPass.doPass(LoopInvariantCodeMotionPass.java:77)
	at cn.edu.nju.software.pass.LoopInvariantCodeMotionPass.doPass(LoopInvariantCodeMotionPass.java:77)
	at cn.edu.nju.software.pass.LoopInvariantCodeMotionPass.doPass(LoopInvariantCodeMotionPass.java:77)
	at cn.edu.nju.software.pass.LoopInvariantCodeMotionPass.doPass(LoopInvariantCodeMotionPass.java:77)
	at cn.edu.nju.software.pass.LoopInvariantCodeMotionPass.doPass(LoopInvariantCodeMotionPass.java:77)
	at cn.edu.nju.software.pass.LoopInvariantCodeMotionPass.doPass(LoopInvariantCodeMotionPass.java:77)
	at cn.edu.nju.software.pass.LoopInvariantCodeMotionPass.doPass(LoopInvariantCodeMotionPass.java:77)
	at cn.edu.nju.software.pass.LoopInvariantCodeMotionPass.doPass(LoopInvariantCodeMotionPass.java:77)
	at cn.edu.nju.software.pass.LoopInvariantCodeMotionPass.doPass(LoopInvariantCodeMotionPass.java:77)
	at cn.edu.nju.software.pass.LoopInvariantCodeMotionPass.doPass(LoopInvariantCodeMotionPass.java:77)
	at cn.edu.nju.software.pass.LoopInvariantCodeMotionPass.doPass(LoopInvariantCodeMotionPass.java:77)
	at cn.edu.nju.software.pass.LoopInvariantCodeMotionPass.doPass(LoopInvariantCodeMotionPass.java:77)
	at cn.edu.nju.software.pass.LoopInvariantCodeMotionPass.doPass(LoopInvariantCodeMotionPass.java:77)
	at cn.edu.nju.software.pass.LoopInvariantCodeMotionPass.doPass(LoopInvariantCodeMotionPass.java:77)
	at cn.edu.nju.software.pass.LoopInvariantCodeMotionPass.doPass(LoopInvariantCodeMotionPass.java:77)
	at cn.edu.nju.software.pass.LoopInvariantCodeMotionPass.doPass(LoopInvariantCodeMotionPass.java:77)
	at cn.edu.nju.software.pass.LoopInvariantCodeMotionPass.doPass(LoopInvariantCodeMotionPass.java:77)
	at cn.edu.nju.software.pass.LoopInvariantCodeMotionPass.doPass(LoopInvariantCodeMotionPass.java:77)
	at cn.edu.nju.software.pass.LoopInvariantCodeMotionPass.doPass(LoopInvariantCodeMotionPass.java:77)
	at cn.edu.nju.software.pass.LoopInvariantCodeMotionPass.doPass(LoopInvariantCodeMotionPass.java:77)
	at cn.edu.nju.software.pass.LoopInvariantCodeMotionPass.doPass(LoopInvariantCodeMotionPass.java:77)
	at cn.edu.nju.software.pass.LoopInvariantCodeMotionPass.doPass(LoopInvariantCodeMotionPass.java:77)
	at cn.edu.nju.software.pass.LoopInvariantCodeMotionPass.doPass(LoopInvariantCodeMotionPass.java:77)
	at cn.edu.nju.software.pass.LoopInvariantCodeMotionPass.doPass(LoopInvariantCodeMotionPass.java:77)
	at cn.edu.nju.software.pass.LoopInvariantCodeMotionPass.doPass(LoopInvariantCodeMotionPass.java:77)
	at cn.edu.nju.software.pass.LoopInvariantCodeMotionPass.doPass(LoopInvariantCodeMotionPass.java:77)
	at cn.edu.nju.software.pass.LoopInvariantCodeMotionPass.doPass(LoopInvariantCodeMotionPass.java:77)
	at cn.edu.nju.software.pass.LoopInvariantCodeMotionPass.doPass(LoopInvariantCodeMotionPass.java:77)
	at cn.edu.nju.software.pass.LoopInvariantCodeMotionPass.doPass(LoopInvariantCodeMotionPass.java:77)
	at cn.edu.nju.software.pass.LoopInvariantCodeMotionPass.doPass(LoopInvariantCodeMotionPass.java:77)
	at cn.edu.nju.software.pass.LoopInvariantCodeMotionPass.doPass(LoopInvariantCodeMotionPass.java:77)
	at cn.edu.nju.software.pass.LoopInvariantCodeMotionPass.doPass(LoopInvariantCodeMotionPass.java:77)
	at cn.edu.nju.software.pass.LoopInvariantCodeMotionPass.doPass(LoopInvariantCodeMotionPass.java:77)
	at cn.edu.nju.software.pass.LoopInvariantCodeMotionPass.doPass(LoopInvariantCodeMotionPass.java:77)
	at cn.edu.nju.software.pass.LoopInvariantCodeMotionPass.doPass(LoopInvariantCodeMotionPass.java:77)
	at cn.edu.nju.software.pass.LoopInvariantCodeMotionPass.doPass(LoopInvariantCodeMotionPass.java:77)
	at cn.edu.nju.software.pass.LoopInvariantCodeMotionPass.doPass(LoopInvariantCodeMotionPass.java:77)
	at cn.edu.nju.software.pass.LoopInvariantCodeMotionPass.doPass(LoopInvariantCodeMotionPass.java:77)
	at cn.edu.nju.software.pass.LoopInvariantCodeMotionPass.doPass(LoopInvariantCodeMotionPass.java:77)
	at cn.edu.nju.software.pass.LoopInvariantCodeMotionPass.doPass(LoopInvariantCodeMotionPass.java:77)
	at cn.edu.nju.software.pass.LoopInvariantCodeMotionPass.doPass(LoopInvariantCodeMotionPass.java:77)
	at cn.edu.nju.software.pass.LoopInvariantCodeMotionPass.doPass(LoopInvariantCodeMotionPass.java:77)
	at cn.edu.nju.software.pass.LoopInvariantCodeMotionPass.doPass(LoopInvariantCodeMotionPass.java:77)
	at cn.edu.nju.software.pass.LoopInvariantCodeMotionPass.doPass(LoopInvariantCodeMotionPass.java:77)
	at cn.edu.nju.software.pass.LoopInvariantCodeMotionPass.doPass(LoopInvariantCodeMotionPass.java:77)
	at cn.edu.nju.software.pass.LoopInvariantCodeMotionPass.doPass(LoopInvariantCodeMotionPass.java:77)
	at cn.edu.nju.software.pass.LoopInvariantCodeMotionPass.doPass(LoopInvariantCodeMotionPass.java:77)
	at cn.edu.nju.software.pass.LoopInvariantCodeMotionPass.doPass(LoopInvariantCodeMotionPass.java:77)
	at cn.edu.nju.software.pass.LoopInvariantCodeMotionPass.doPass(LoopInvariantCodeMotionPass.java:77)
	at cn.edu.nju.software.pass.LoopInvariantCodeMotionPass.doPass(LoopInvariantCodeMotionPass.java:77)
	at cn.edu.nju.software.pass.LoopInvariantCodeMotionPass.doPass(LoopInvariantCodeMotionPass.java:77)
	at cn.edu.nju.software.pass.LoopInvariantCodeMotionPass.doPass(LoopInvariantCodeMotionPass.java:77)
	at cn.edu.nju.software.pass.LoopInvariantCodeMotionPass.doPass(LoopInvariantCodeMotionPass.java:77)
	at cn.edu.nju.software.pass.LoopInvariantCodeMotionPass.doPass(LoopInvariantCodeMotionPass.java:77)
	at cn.edu.nju.software.pass.LoopInvariantCodeMotionPass.doPass(LoopInvariantCodeMotionPass.java:77)
	at cn.edu.nju.software.pass.LoopInvariantCodeMotionPass.doPass(LoopInvariantCodeMotionPass.java:77)
	at cn.edu.nju.software.pass.LoopInvariantCodeMotionPass.doPass(LoopInvariantCodeMotionPass.java:77)
	at cn.edu.nju.software.pass.LoopInvariantCodeMotionPass.doPass(LoopInvariantCodeMotionPass.java:77)
	at cn.edu.nju.software.pass.LoopInvariantCodeMotionPass.doPass(LoopInvariantCodeMotionPass.java:77)
	at cn.edu.nju.software.pass.LoopInvariantCodeMotionPass.doPass(LoopInvariantCodeMotionPass.java:77)
	at cn.edu.nju.software.pass.LoopInvariantCodeMotionPass.doPass(LoopInvariantCodeMotionPass.java:77)
	at cn.edu.nju.software.pass.LoopInvariantCodeMotionPass.doPass(LoopInvariantCodeMotionPass.java:77)
	at cn.edu.nju.software.pass.LoopInvariantCodeMotionPass.doPass(LoopInvariantCodeMotionPass.java:77)
	at cn.edu.nju.software.pass.LoopInvariantCodeMotionPass.doPass(LoopInvariantCodeMotionPass.java:77)
	at cn.edu.nju.software.pass.LoopInvariantCodeMotionPass.doPass(LoopInvariantCodeMotionPass.java:77)
	at cn.edu.nju.software.pass.LoopInvariantCodeMotionPass.doPass(LoopInvariantCodeMotionPass.java:77)
	at cn.edu.nju.software.pass.LoopInvariantCodeMotionPass.doPass(LoopInvariantCodeMotionPass.java:77)
	at cn.edu.nju.software.pass.LoopInvariantCodeMotionPass.doPass(LoopInvariantCodeMotionPass.java:77)
	at cn.edu.nju.software.pass.LoopInvariantCodeMotionPass.doPass(LoopInvariantCodeMotionPass.java:77)
	at cn.edu.nju.software.pass.LoopInvariantCodeMotionPass.doPass(LoopInvariantCodeMotionPass.java:77)
	at cn.edu.nju.software.pass.LoopInvariantCodeMotionPass.doPass(LoopInvariantCodeMotionPass.java:77)
	at cn.edu.nju.software.pass.LoopInvariantCodeMotionPass.doPass(LoopInvariantCodeMotionPass.java:77)
	at cn.edu.nju.software.pass.LoopInvariantCodeMotionPass.doPass(LoopInvariantCodeMotionPass.java:77)
	at cn.edu.nju.software.pass.LoopInvariantCodeMotionPass.doPass(LoopInvariantCodeMotionPass.java:77)
	at cn.edu.nju.software.pass.LoopInvariantCodeMotionPass.doPass(LoopInvariantCodeMotionPass.java:77)
	at cn.edu.nju.software.pass.LoopInvariantCodeMotionPass.doPass(LoopInvariantCodeMotionPass.java:77)
	at cn.edu.nju.software.pass.LoopInvariantCodeMotionPass.doPass(LoopInvariantCodeMotionPass.java:77)
	at cn.edu.nju.software.pass.LoopInvariantCodeMotionPass.doPass(LoopInvariantCodeMotionPass.java:77)
	at cn.edu.nju.software.pass.LoopInvariantCodeMotionPass.doPass(LoopInvariantCodeMotionPass.java:77)
	at cn.edu.nju.software.pass.LoopInvariantCodeMotionPass.doPass(LoopInvariantCodeMotionPass.java:77)
	at cn.edu.nju.software.pass.LoopInvariantCodeMotionPass.doPass(LoopInvariantCodeMotionPass.java:77)
	at cn.edu.nju.software.pass.LoopInvariantCodeMotionPass.doPass(LoopInvariantCodeMotionPass.java:77)
	at cn.edu.nju.software.pass.LoopInvariantCodeMotionPass.doPass(LoopInvariantCodeMotionPass.java:77)
	at cn.edu.nju.software.pass.LoopInvariantCodeMotionPass.doPass(LoopInvariantCodeMotionPass.java:77)
	at cn.edu.nju.software.pass.LoopInvariantCodeMotionPass.doPass(LoopInvariantCodeMotionPass.java:77)
	at cn.edu.nju.software.pass.LoopInvariantCodeMotionPass.doPass(LoopInvariantCodeMotionPass.java:77)
	at cn.edu.nju.software.pass.LoopInvariantCodeMotionPass.doPass(LoopInvariantCodeMotionPass.java:77)
	at cn.edu.nju.software.pass.LoopInvariantCodeMotionPass.doPass(LoopInvariantCodeMotionPass.java:77)
	at cn.edu.nju.software.pass.LoopInvariantCodeMotionPass.doPass(LoopInvariantCodeMotionPass.java:77)
	at cn.edu.nju.software.pass.LoopInvariantCodeMotionPass.doPass(LoopInvariantCodeMotionPass.java:77)
	at cn.edu.nju.software.pass.LoopInvariantCodeMotionPass.doPass(LoopInvariantCodeMotionPass.java:77)
	at cn.edu.nju.software.pass.LoopInvariantCodeMotionPass.doPass(LoopInvariantCodeMotionPass.java:77)
	at cn.edu.nju.software.pass.LoopInvariantCodeMotionPass.doPass(LoopInvariantCodeMotionPass.java:77)
	at cn.edu.nju.software.pass.LoopInvariantCodeMotionPass.doPass(LoopInvariantCodeMotionPass.java:77)
	at cn.edu.nju.software.pass.LoopInvariantCodeMotionPass.doPass(LoopInvariantCodeMotionPass.java:77)
	at cn.edu.nju.software.pass.LoopInvariantCodeMotionPass.doPass(LoopInvariantCodeMotionPass.java:77)
	at cn.edu.nju.software.pass.LoopInvariantCodeMotionPass.doPass(LoopInvariantCodeMotionPass.java:77)
	at cn.edu.nju.software.pass.LoopInvariantCodeMotionPass.doPass(LoopInvariantCodeMotionPass.java:77)
	at cn.edu.nju.software.pass.LoopInvariantCodeMotionPass.doPass(LoopInvariantCodeMotionPass.java:77)
	at cn.edu.nju.software.pass.LoopInvariantCodeMotionPass.doPass(LoopInvariantCodeMotionPass.java:77)
	at cn.edu.nju.software.pass.LoopInvariantCodeMotionPass.doPass(LoopInvariantCodeMotionPass.java:77)
	at cn.edu.nju.software.pass.LoopInvariantCodeMotionPass.doPass(LoopInvariantCodeMotionPass.java:77)
	at cn.edu.nju.software.pass.LoopInvariantCodeMotionPass.doPass(LoopInvariantCodeMotionPass.java:77)
	at cn.edu.nju.software.pass.LoopInvariantCodeMotionPass.doPass(LoopInvariantCodeMotionPass.java:77)
	at cn.edu.nju.software.pass.LoopInvariantCodeMotionPass.doPass(LoopInvariantCodeMotionPass.java:77)
	at cn.edu.nju.software.pass.LoopInvariantCodeMotionPass.doPass(LoopInvariantCodeMotionPass.java:77)
	at cn.edu.nju.software.pass.LoopInvariantCodeMotionPass.doPass(LoopInvariantCodeMotionPass.java:77)
	at cn.edu.nju.software.pass.LoopInvariantCodeMotionPass.doPass(LoopInvariantCodeMotionPass.java:77)
	at cn.edu.nju.software.pass.LoopInvariantCodeMotionPass.doPass(LoopInvariantCodeMotionPass.java:77)
	at cn.edu.nju.software.pass.LoopInvariantCodeMotionPass.doPass(LoopInvariantCodeMotionPass.java:77)
148
]]></system-err>
  </testcase>
  <testcase name="testAll(String)[6]" classname="cn.edu.nju.software.naivetest.TestFrontEnd" time="0.191">
    <system-err><![CDATA[11
]]></system-err>
  </testcase>
  <testcase name="testAll(String)[7]" classname="cn.edu.nju.software.naivetest.TestFrontEnd" time="0.262">
    <failure message="expected: &lt;true&gt; but was: &lt;false&gt;" type="org.opentest4j.AssertionFailedError"><![CDATA[org.opentest4j.AssertionFailedError: expected: <true> but was: <false>
	at org.junit.jupiter.api.AssertionFailureBuilder.build(AssertionFailureBuilder.java:151)
	at org.junit.jupiter.api.AssertionFailureBuilder.buildAndThrow(AssertionFailureBuilder.java:132)
	at org.junit.jupiter.api.AssertTrue.failNotTrue(AssertTrue.java:63)
	at org.junit.jupiter.api.AssertTrue.assertTrue(AssertTrue.java:36)
	at org.junit.jupiter.api.AssertTrue.assertTrue(AssertTrue.java:31)
	at org.junit.jupiter.api.Assertions.assertTrue(Assertions.java:183)
	at cn.edu.nju.software.naivetest.TestFrontEnd.testFile(TestFrontEnd.java:73)
	at cn.edu.nju.software.naivetest.TestFrontEnd.testAll(TestFrontEnd.java:62)
	at java.base/java.lang.reflect.Method.invoke(Method.java:568)
	at java.base/java.util.stream.ForEachOps$ForEachOp$OfRef.accept(ForEachOps.java:183)
	at java.base/java.util.stream.ReferencePipeline$3$1.accept(ReferencePipeline.java:197)
	at java.base/java.util.stream.ReferencePipeline$2$1.accept(ReferencePipeline.java:179)
	at java.base/java.util.stream.ReferencePipeline$3$1.accept(ReferencePipeline.java:197)
	at java.base/java.util.stream.ForEachOps$ForEachOp$OfRef.accept(ForEachOps.java:183)
	at java.base/java.util.stream.ReferencePipeline$3$1.accept(ReferencePipeline.java:197)
	at java.base/java.util.stream.ReferencePipeline$3$1.accept(ReferencePipeline.java:197)
	at java.base/java.util.stream.ReferencePipeline$3$1.accept(ReferencePipeline.java:197)
	at java.base/java.util.stream.ForEachOps$ForEachOp$OfRef.accept(ForEachOps.java:183)
	at java.base/java.util.stream.ForEachOps$ForEachOp$OfRef.accept(ForEachOps.java:183)
	at java.base/java.util.stream.ReferencePipeline$3$1.accept(ReferencePipeline.java:197)
	at java.base/java.util.stream.ForEachOps$ForEachOp$OfRef.accept(ForEachOps.java:183)
	at java.base/java.util.stream.ReferencePipeline$3$1.accept(ReferencePipeline.java:197)
	at java.base/java.util.Spliterators$ArraySpliterator.forEachRemaining(Spliterators.java:992)
	at java.base/java.util.stream.AbstractPipeline.copyInto(AbstractPipeline.java:509)
	at java.base/java.util.stream.AbstractPipeline.wrapAndCopyInto(AbstractPipeline.java:499)
	at java.base/java.util.stream.ForEachOps$ForEachOp.evaluateSequential(ForEachOps.java:150)
	at java.base/java.util.stream.ForEachOps$ForEachOp$OfRef.evaluateSequential(ForEachOps.java:173)
	at java.base/java.util.stream.AbstractPipeline.evaluate(AbstractPipeline.java:234)
	at java.base/java.util.stream.ReferencePipeline.forEach(ReferencePipeline.java:596)
	at java.base/java.util.stream.ReferencePipeline$7$1.accept(ReferencePipeline.java:276)
	at java.base/java.util.stream.ReferencePipeline$3$1.accept(ReferencePipeline.java:197)
	at java.base/java.util.stream.ReferencePipeline$3$1.accept(ReferencePipeline.java:197)
	at java.base/java.util.stream.ReferencePipeline$3$1.accept(ReferencePipeline.java:197)
	at java.base/java.util.Spliterators$ArraySpliterator.forEachRemaining(Spliterators.java:992)
	at java.base/java.util.stream.AbstractPipeline.copyInto(AbstractPipeline.java:509)
	at java.base/java.util.stream.AbstractPipeline.wrapAndCopyInto(AbstractPipeline.java:499)
	at java.base/java.util.stream.ForEachOps$ForEachOp.evaluateSequential(ForEachOps.java:150)
	at java.base/java.util.stream.ForEachOps$ForEachOp$OfRef.evaluateSequential(ForEachOps.java:173)
	at java.base/java.util.stream.AbstractPipeline.evaluate(AbstractPipeline.java:234)
	at java.base/java.util.stream.ReferencePipeline.forEach(ReferencePipeline.java:596)
	at java.base/java.util.stream.ReferencePipeline$7$1.accept(ReferencePipeline.java:276)
	at java.base/java.util.ArrayList$ArrayListSpliterator.forEachRemaining(ArrayList.java:1625)
	at java.base/java.util.stream.AbstractPipeline.copyInto(AbstractPipeline.java:509)
	at java.base/java.util.stream.AbstractPipeline.wrapAndCopyInto(AbstractPipeline.java:499)
	at java.base/java.util.stream.ForEachOps$ForEachOp.evaluateSequential(ForEachOps.java:150)
	at java.base/java.util.stream.ForEachOps$ForEachOp$OfRef.evaluateSequential(ForEachOps.java:173)
	at java.base/java.util.stream.AbstractPipeline.evaluate(AbstractPipeline.java:234)
	at java.base/java.util.stream.ReferencePipeline.forEach(ReferencePipeline.java:596)
	at java.base/java.util.stream.ReferencePipeline$7$1.accept(ReferencePipeline.java:276)
	at java.base/java.util.stream.ReferencePipeline$3$1.accept(ReferencePipeline.java:197)
	at java.base/java.util.stream.ReferencePipeline$3$1.accept(ReferencePipeline.java:197)
	at java.base/java.util.stream.ReferencePipeline$3$1.accept(ReferencePipeline.java:197)
	at java.base/java.util.ArrayList$ArrayListSpliterator.forEachRemaining(ArrayList.java:1625)
	at java.base/java.util.stream.AbstractPipeline.copyInto(AbstractPipeline.java:509)
	at java.base/java.util.stream.AbstractPipeline.wrapAndCopyInto(AbstractPipeline.java:499)
	at java.base/java.util.stream.ForEachOps$ForEachOp.evaluateSequential(ForEachOps.java:150)
	at java.base/java.util.stream.ForEachOps$ForEachOp$OfRef.evaluateSequential(ForEachOps.java:173)
	at java.base/java.util.stream.AbstractPipeline.evaluate(AbstractPipeline.java:234)
	at java.base/java.util.stream.ReferencePipeline.forEach(ReferencePipeline.java:596)
	at java.base/java.util.stream.ReferencePipeline$7$1.accept(ReferencePipeline.java:276)
	at java.base/java.util.ArrayList$ArrayListSpliterator.forEachRemaining(ArrayList.java:1625)
	at java.base/java.util.stream.AbstractPipeline.copyInto(AbstractPipeline.java:509)
	at java.base/java.util.stream.AbstractPipeline.wrapAndCopyInto(AbstractPipeline.java:499)
	at java.base/java.util.stream.ForEachOps$ForEachOp.evaluateSequential(ForEachOps.java:150)
	at java.base/java.util.stream.ForEachOps$ForEachOp$OfRef.evaluateSequential(ForEachOps.java:173)
	at java.base/java.util.stream.AbstractPipeline.evaluate(AbstractPipeline.java:234)
	at java.base/java.util.stream.ReferencePipeline.forEach(ReferencePipeline.java:596)
	at java.base/java.util.ArrayList.forEach(ArrayList.java:1511)
	at java.base/java.util.ArrayList.forEach(ArrayList.java:1511)
]]></failure>
    <system-out><![CDATA[Error:
lli: lli: src/test/resources/ll/integration.ll:830:13: error: use of undefined value '%long_name100$ult_$1_of_inline16_of_inline110'
  store i32 %long_name100$ult_$1_of_inline16_of_inline110, i32* %lv$3_of_inline14_of_inline106, align 4
            ^


]]></system-out>
  </testcase>
  <testcase name="testAll(String)[8]" classname="cn.edu.nju.software.naivetest.TestFrontEnd" time="0.195">
    <failure message="expected: &lt;9&gt; but was: &lt;5&gt;" type="org.opentest4j.AssertionFailedError"><![CDATA[org.opentest4j.AssertionFailedError: expected: <9> but was: <5>
	at org.junit.jupiter.api.AssertionFailureBuilder.build(AssertionFailureBuilder.java:151)
	at org.junit.jupiter.api.AssertionFailureBuilder.buildAndThrow(AssertionFailureBuilder.java:132)
	at org.junit.jupiter.api.AssertEquals.failNotEqual(AssertEquals.java:197)
	at org.junit.jupiter.api.AssertEquals.assertEquals(AssertEquals.java:150)
	at org.junit.jupiter.api.AssertEquals.assertEquals(AssertEquals.java:145)
	at org.junit.jupiter.api.Assertions.assertEquals(Assertions.java:531)
	at cn.edu.nju.software.naivetest.TestFrontEnd.testFile(TestFrontEnd.java:75)
	at cn.edu.nju.software.naivetest.TestFrontEnd.testAll(TestFrontEnd.java:62)
	at java.base/java.lang.reflect.Method.invoke(Method.java:568)
	at java.base/java.util.stream.ForEachOps$ForEachOp$OfRef.accept(ForEachOps.java:183)
	at java.base/java.util.stream.ReferencePipeline$3$1.accept(ReferencePipeline.java:197)
	at java.base/java.util.stream.ReferencePipeline$2$1.accept(ReferencePipeline.java:179)
	at java.base/java.util.stream.ReferencePipeline$3$1.accept(ReferencePipeline.java:197)
	at java.base/java.util.stream.ForEachOps$ForEachOp$OfRef.accept(ForEachOps.java:183)
	at java.base/java.util.stream.ReferencePipeline$3$1.accept(ReferencePipeline.java:197)
	at java.base/java.util.stream.ReferencePipeline$3$1.accept(ReferencePipeline.java:197)
	at java.base/java.util.stream.ReferencePipeline$3$1.accept(ReferencePipeline.java:197)
	at java.base/java.util.stream.ForEachOps$ForEachOp$OfRef.accept(ForEachOps.java:183)
	at java.base/java.util.stream.ForEachOps$ForEachOp$OfRef.accept(ForEachOps.java:183)
	at java.base/java.util.stream.ReferencePipeline$3$1.accept(ReferencePipeline.java:197)
	at java.base/java.util.stream.ForEachOps$ForEachOp$OfRef.accept(ForEachOps.java:183)
	at java.base/java.util.stream.ReferencePipeline$3$1.accept(ReferencePipeline.java:197)
	at java.base/java.util.Spliterators$ArraySpliterator.forEachRemaining(Spliterators.java:992)
	at java.base/java.util.stream.AbstractPipeline.copyInto(AbstractPipeline.java:509)
	at java.base/java.util.stream.AbstractPipeline.wrapAndCopyInto(AbstractPipeline.java:499)
	at java.base/java.util.stream.ForEachOps$ForEachOp.evaluateSequential(ForEachOps.java:150)
	at java.base/java.util.stream.ForEachOps$ForEachOp$OfRef.evaluateSequential(ForEachOps.java:173)
	at java.base/java.util.stream.AbstractPipeline.evaluate(AbstractPipeline.java:234)
	at java.base/java.util.stream.ReferencePipeline.forEach(ReferencePipeline.java:596)
	at java.base/java.util.stream.ReferencePipeline$7$1.accept(ReferencePipeline.java:276)
	at java.base/java.util.stream.ReferencePipeline$3$1.accept(ReferencePipeline.java:197)
	at java.base/java.util.stream.ReferencePipeline$3$1.accept(ReferencePipeline.java:197)
	at java.base/java.util.stream.ReferencePipeline$3$1.accept(ReferencePipeline.java:197)
	at java.base/java.util.Spliterators$ArraySpliterator.forEachRemaining(Spliterators.java:992)
	at java.base/java.util.stream.AbstractPipeline.copyInto(AbstractPipeline.java:509)
	at java.base/java.util.stream.AbstractPipeline.wrapAndCopyInto(AbstractPipeline.java:499)
	at java.base/java.util.stream.ForEachOps$ForEachOp.evaluateSequential(ForEachOps.java:150)
	at java.base/java.util.stream.ForEachOps$ForEachOp$OfRef.evaluateSequential(ForEachOps.java:173)
	at java.base/java.util.stream.AbstractPipeline.evaluate(AbstractPipeline.java:234)
	at java.base/java.util.stream.ReferencePipeline.forEach(ReferencePipeline.java:596)
	at java.base/java.util.stream.ReferencePipeline$7$1.accept(ReferencePipeline.java:276)
	at java.base/java.util.ArrayList$ArrayListSpliterator.forEachRemaining(ArrayList.java:1625)
	at java.base/java.util.stream.AbstractPipeline.copyInto(AbstractPipeline.java:509)
	at java.base/java.util.stream.AbstractPipeline.wrapAndCopyInto(AbstractPipeline.java:499)
	at java.base/java.util.stream.ForEachOps$ForEachOp.evaluateSequential(ForEachOps.java:150)
	at java.base/java.util.stream.ForEachOps$ForEachOp$OfRef.evaluateSequential(ForEachOps.java:173)
	at java.base/java.util.stream.AbstractPipeline.evaluate(AbstractPipeline.java:234)
	at java.base/java.util.stream.ReferencePipeline.forEach(ReferencePipeline.java:596)
	at java.base/java.util.stream.ReferencePipeline$7$1.accept(ReferencePipeline.java:276)
	at java.base/java.util.stream.ReferencePipeline$3$1.accept(ReferencePipeline.java:197)
	at java.base/java.util.stream.ReferencePipeline$3$1.accept(ReferencePipeline.java:197)
	at java.base/java.util.stream.ReferencePipeline$3$1.accept(ReferencePipeline.java:197)
	at java.base/java.util.ArrayList$ArrayListSpliterator.forEachRemaining(ArrayList.java:1625)
	at java.base/java.util.stream.AbstractPipeline.copyInto(AbstractPipeline.java:509)
	at java.base/java.util.stream.AbstractPipeline.wrapAndCopyInto(AbstractPipeline.java:499)
	at java.base/java.util.stream.ForEachOps$ForEachOp.evaluateSequential(ForEachOps.java:150)
	at java.base/java.util.stream.ForEachOps$ForEachOp$OfRef.evaluateSequential(ForEachOps.java:173)
	at java.base/java.util.stream.AbstractPipeline.evaluate(AbstractPipeline.java:234)
	at java.base/java.util.stream.ReferencePipeline.forEach(ReferencePipeline.java:596)
	at java.base/java.util.stream.ReferencePipeline$7$1.accept(ReferencePipeline.java:276)
	at java.base/java.util.ArrayList$ArrayListSpliterator.forEachRemaining(ArrayList.java:1625)
	at java.base/java.util.stream.AbstractPipeline.copyInto(AbstractPipeline.java:509)
	at java.base/java.util.stream.AbstractPipeline.wrapAndCopyInto(AbstractPipeline.java:499)
	at java.base/java.util.stream.ForEachOps$ForEachOp.evaluateSequential(ForEachOps.java:150)
	at java.base/java.util.stream.ForEachOps$ForEachOp$OfRef.evaluateSequential(ForEachOps.java:173)
	at java.base/java.util.stream.AbstractPipeline.evaluate(AbstractPipeline.java:234)
	at java.base/java.util.stream.ReferencePipeline.forEach(ReferencePipeline.java:596)
	at java.base/java.util.ArrayList.forEach(ArrayList.java:1511)
	at java.base/java.util.ArrayList.forEach(ArrayList.java:1511)
]]></failure>
    <system-err><![CDATA[5
]]></system-err>
  </testcase>
  <testcase name="testAll(String)[9]" classname="cn.edu.nju.software.naivetest.TestFrontEnd" time="0.169">
    <system-err><![CDATA[0
]]></system-err>
  </testcase>
  <testcase name="testAll(String)[10]" classname="cn.edu.nju.software.naivetest.TestFrontEnd" time="0.427">
    <system-err><![CDATA[0
]]></system-err>
  </testcase>
  <testcase name="testAll(String)[11]" classname="cn.edu.nju.software.naivetest.TestFrontEnd" time="0.308">
    <failure message="expected: &lt;true&gt; but was: &lt;false&gt;" type="org.opentest4j.AssertionFailedError"><![CDATA[org.opentest4j.AssertionFailedError: expected: <true> but was: <false>
	at org.junit.jupiter.api.AssertionFailureBuilder.build(AssertionFailureBuilder.java:151)
	at org.junit.jupiter.api.AssertionFailureBuilder.buildAndThrow(AssertionFailureBuilder.java:132)
	at org.junit.jupiter.api.AssertTrue.failNotTrue(AssertTrue.java:63)
	at org.junit.jupiter.api.AssertTrue.assertTrue(AssertTrue.java:36)
	at org.junit.jupiter.api.AssertTrue.assertTrue(AssertTrue.java:31)
	at org.junit.jupiter.api.Assertions.assertTrue(Assertions.java:183)
	at cn.edu.nju.software.naivetest.TestFrontEnd.testFile(TestFrontEnd.java:73)
	at cn.edu.nju.software.naivetest.TestFrontEnd.testAll(TestFrontEnd.java:62)
	at java.base/java.lang.reflect.Method.invoke(Method.java:568)
	at java.base/java.util.stream.ForEachOps$ForEachOp$OfRef.accept(ForEachOps.java:183)
	at java.base/java.util.stream.ReferencePipeline$3$1.accept(ReferencePipeline.java:197)
	at java.base/java.util.stream.ReferencePipeline$2$1.accept(ReferencePipeline.java:179)
	at java.base/java.util.stream.ReferencePipeline$3$1.accept(ReferencePipeline.java:197)
	at java.base/java.util.stream.ForEachOps$ForEachOp$OfRef.accept(ForEachOps.java:183)
	at java.base/java.util.stream.ReferencePipeline$3$1.accept(ReferencePipeline.java:197)
	at java.base/java.util.stream.ReferencePipeline$3$1.accept(ReferencePipeline.java:197)
	at java.base/java.util.stream.ReferencePipeline$3$1.accept(ReferencePipeline.java:197)
	at java.base/java.util.stream.ForEachOps$ForEachOp$OfRef.accept(ForEachOps.java:183)
	at java.base/java.util.stream.ForEachOps$ForEachOp$OfRef.accept(ForEachOps.java:183)
	at java.base/java.util.stream.ReferencePipeline$3$1.accept(ReferencePipeline.java:197)
	at java.base/java.util.stream.ForEachOps$ForEachOp$OfRef.accept(ForEachOps.java:183)
	at java.base/java.util.stream.ReferencePipeline$3$1.accept(ReferencePipeline.java:197)
	at java.base/java.util.Spliterators$ArraySpliterator.forEachRemaining(Spliterators.java:992)
	at java.base/java.util.stream.AbstractPipeline.copyInto(AbstractPipeline.java:509)
	at java.base/java.util.stream.AbstractPipeline.wrapAndCopyInto(AbstractPipeline.java:499)
	at java.base/java.util.stream.ForEachOps$ForEachOp.evaluateSequential(ForEachOps.java:150)
	at java.base/java.util.stream.ForEachOps$ForEachOp$OfRef.evaluateSequential(ForEachOps.java:173)
	at java.base/java.util.stream.AbstractPipeline.evaluate(AbstractPipeline.java:234)
	at java.base/java.util.stream.ReferencePipeline.forEach(ReferencePipeline.java:596)
	at java.base/java.util.stream.ReferencePipeline$7$1.accept(ReferencePipeline.java:276)
	at java.base/java.util.stream.ReferencePipeline$3$1.accept(ReferencePipeline.java:197)
	at java.base/java.util.stream.ReferencePipeline$3$1.accept(ReferencePipeline.java:197)
	at java.base/java.util.stream.ReferencePipeline$3$1.accept(ReferencePipeline.java:197)
	at java.base/java.util.Spliterators$ArraySpliterator.forEachRemaining(Spliterators.java:992)
	at java.base/java.util.stream.AbstractPipeline.copyInto(AbstractPipeline.java:509)
	at java.base/java.util.stream.AbstractPipeline.wrapAndCopyInto(AbstractPipeline.java:499)
	at java.base/java.util.stream.ForEachOps$ForEachOp.evaluateSequential(ForEachOps.java:150)
	at java.base/java.util.stream.ForEachOps$ForEachOp$OfRef.evaluateSequential(ForEachOps.java:173)
	at java.base/java.util.stream.AbstractPipeline.evaluate(AbstractPipeline.java:234)
	at java.base/java.util.stream.ReferencePipeline.forEach(ReferencePipeline.java:596)
	at java.base/java.util.stream.ReferencePipeline$7$1.accept(ReferencePipeline.java:276)
	at java.base/java.util.ArrayList$ArrayListSpliterator.forEachRemaining(ArrayList.java:1625)
	at java.base/java.util.stream.AbstractPipeline.copyInto(AbstractPipeline.java:509)
	at java.base/java.util.stream.AbstractPipeline.wrapAndCopyInto(AbstractPipeline.java:499)
	at java.base/java.util.stream.ForEachOps$ForEachOp.evaluateSequential(ForEachOps.java:150)
	at java.base/java.util.stream.ForEachOps$ForEachOp$OfRef.evaluateSequential(ForEachOps.java:173)
	at java.base/java.util.stream.AbstractPipeline.evaluate(AbstractPipeline.java:234)
	at java.base/java.util.stream.ReferencePipeline.forEach(ReferencePipeline.java:596)
	at java.base/java.util.stream.ReferencePipeline$7$1.accept(ReferencePipeline.java:276)
	at java.base/java.util.stream.ReferencePipeline$3$1.accept(ReferencePipeline.java:197)
	at java.base/java.util.stream.ReferencePipeline$3$1.accept(ReferencePipeline.java:197)
	at java.base/java.util.stream.ReferencePipeline$3$1.accept(ReferencePipeline.java:197)
	at java.base/java.util.ArrayList$ArrayListSpliterator.forEachRemaining(ArrayList.java:1625)
	at java.base/java.util.stream.AbstractPipeline.copyInto(AbstractPipeline.java:509)
	at java.base/java.util.stream.AbstractPipeline.wrapAndCopyInto(AbstractPipeline.java:499)
	at java.base/java.util.stream.ForEachOps$ForEachOp.evaluateSequential(ForEachOps.java:150)
	at java.base/java.util.stream.ForEachOps$ForEachOp$OfRef.evaluateSequential(ForEachOps.java:173)
	at java.base/java.util.stream.AbstractPipeline.evaluate(AbstractPipeline.java:234)
	at java.base/java.util.stream.ReferencePipeline.forEach(ReferencePipeline.java:596)
	at java.base/java.util.stream.ReferencePipeline$7$1.accept(ReferencePipeline.java:276)
	at java.base/java.util.ArrayList$ArrayListSpliterator.forEachRemaining(ArrayList.java:1625)
	at java.base/java.util.stream.AbstractPipeline.copyInto(AbstractPipeline.java:509)
	at java.base/java.util.stream.AbstractPipeline.wrapAndCopyInto(AbstractPipeline.java:499)
	at java.base/java.util.stream.ForEachOps$ForEachOp.evaluateSequential(ForEachOps.java:150)
	at java.base/java.util.stream.ForEachOps$ForEachOp$OfRef.evaluateSequential(ForEachOps.java:173)
	at java.base/java.util.stream.AbstractPipeline.evaluate(AbstractPipeline.java:234)
	at java.base/java.util.stream.ReferencePipeline.forEach(ReferencePipeline.java:596)
	at java.base/java.util.ArrayList.forEach(ArrayList.java:1511)
	at java.base/java.util.ArrayList.forEach(ArrayList.java:1511)
]]></failure>
    <system-out><![CDATA[Error:
PLEASE submit a bug report to https://github.com/llvm/llvm-project/issues/ and include the crash backtrace.
Stack dump:
0.	Program arguments: lli src/test/resources/ll/merge-sort.ll
 #0 0x00007f6abf62ad01 llvm::sys::PrintStackTrace(llvm::raw_ostream&, int) (/lib/x86_64-linux-gnu/libLLVM-14.so.1+0xe3fd01)
 #1 0x00007f6abf628a3e llvm::sys::RunSignalHandlers() (/lib/x86_64-linux-gnu/libLLVM-14.so.1+0xe3da3e)
 #2 0x00007f6abf62b236 (/lib/x86_64-linux-gnu/libLLVM-14.so.1+0xe40236)
 #3 0x00007f6abe2d1520 (/lib/x86_64-linux-gnu/libc.so.6+0x42520)
 #4 0x00007f6ac5102155 
 #5 0x00007f6ac5102047 
 #6 0x00007f6ac5102047 
 #7 0x00007f6ac51021ed 
 #8 0x00007f6ac107284d llvm::orc::runAsMain(int (*)(int, char**), llvm::ArrayRef<std::__cxx11::basic_string<char, std::char_traits<char>, std::allocator<char> > >, llvm::Optional<llvm::StringRef>) (/lib/x86_64-linux-gnu/libLLVM-14.so.1+0x288784d)
 #9 0x0000000000418110 runOrcJIT(char const*) (/usr/lib/llvm-14/bin/lli+0x418110)
#10 0x0000000000412cc8 main (/usr/lib/llvm-14/bin/lli+0x412cc8)
#11 0x00007f6abe2b8d90 __libc_start_call_main ./csu/../sysdeps/nptl/libc_start_call_main.h:58:16
#12 0x00007f6abe2b8e40 call_init ./csu/../csu/libc-start.c:128:20
#13 0x00007f6abe2b8e40 __libc_start_main ./csu/../csu/libc-start.c:379:5
#14 0x000000000040fe15 _start (/usr/lib/llvm-14/bin/lli+0x40fe15)

]]></system-out>
  </testcase>
  <testcase name="testAll(String)[12]" classname="cn.edu.nju.software.naivetest.TestFrontEnd" time="0.203">
    <failure message="expected: &lt;true&gt; but was: &lt;false&gt;" type="org.opentest4j.AssertionFailedError"><![CDATA[org.opentest4j.AssertionFailedError: expected: <true> but was: <false>
	at org.junit.jupiter.api.AssertionFailureBuilder.build(AssertionFailureBuilder.java:151)
	at org.junit.jupiter.api.AssertionFailureBuilder.buildAndThrow(AssertionFailureBuilder.java:132)
	at org.junit.jupiter.api.AssertTrue.failNotTrue(AssertTrue.java:63)
	at org.junit.jupiter.api.AssertTrue.assertTrue(AssertTrue.java:36)
	at org.junit.jupiter.api.AssertTrue.assertTrue(AssertTrue.java:31)
	at org.junit.jupiter.api.Assertions.assertTrue(Assertions.java:183)
	at cn.edu.nju.software.naivetest.TestFrontEnd.testFile(TestFrontEnd.java:73)
	at cn.edu.nju.software.naivetest.TestFrontEnd.testAll(TestFrontEnd.java:62)
	at java.base/java.lang.reflect.Method.invoke(Method.java:568)
	at java.base/java.util.stream.ForEachOps$ForEachOp$OfRef.accept(ForEachOps.java:183)
	at java.base/java.util.stream.ReferencePipeline$3$1.accept(ReferencePipeline.java:197)
	at java.base/java.util.stream.ReferencePipeline$2$1.accept(ReferencePipeline.java:179)
	at java.base/java.util.stream.ReferencePipeline$3$1.accept(ReferencePipeline.java:197)
	at java.base/java.util.stream.ForEachOps$ForEachOp$OfRef.accept(ForEachOps.java:183)
	at java.base/java.util.stream.ReferencePipeline$3$1.accept(ReferencePipeline.java:197)
	at java.base/java.util.stream.ReferencePipeline$3$1.accept(ReferencePipeline.java:197)
	at java.base/java.util.stream.ReferencePipeline$3$1.accept(ReferencePipeline.java:197)
	at java.base/java.util.stream.ForEachOps$ForEachOp$OfRef.accept(ForEachOps.java:183)
	at java.base/java.util.stream.ForEachOps$ForEachOp$OfRef.accept(ForEachOps.java:183)
	at java.base/java.util.stream.ReferencePipeline$3$1.accept(ReferencePipeline.java:197)
	at java.base/java.util.stream.ForEachOps$ForEachOp$OfRef.accept(ForEachOps.java:183)
	at java.base/java.util.stream.ReferencePipeline$3$1.accept(ReferencePipeline.java:197)
	at java.base/java.util.Spliterators$ArraySpliterator.forEachRemaining(Spliterators.java:992)
	at java.base/java.util.stream.AbstractPipeline.copyInto(AbstractPipeline.java:509)
	at java.base/java.util.stream.AbstractPipeline.wrapAndCopyInto(AbstractPipeline.java:499)
	at java.base/java.util.stream.ForEachOps$ForEachOp.evaluateSequential(ForEachOps.java:150)
	at java.base/java.util.stream.ForEachOps$ForEachOp$OfRef.evaluateSequential(ForEachOps.java:173)
	at java.base/java.util.stream.AbstractPipeline.evaluate(AbstractPipeline.java:234)
	at java.base/java.util.stream.ReferencePipeline.forEach(ReferencePipeline.java:596)
	at java.base/java.util.stream.ReferencePipeline$7$1.accept(ReferencePipeline.java:276)
	at java.base/java.util.stream.ReferencePipeline$3$1.accept(ReferencePipeline.java:197)
	at java.base/java.util.stream.ReferencePipeline$3$1.accept(ReferencePipeline.java:197)
	at java.base/java.util.stream.ReferencePipeline$3$1.accept(ReferencePipeline.java:197)
	at java.base/java.util.Spliterators$ArraySpliterator.forEachRemaining(Spliterators.java:992)
	at java.base/java.util.stream.AbstractPipeline.copyInto(AbstractPipeline.java:509)
	at java.base/java.util.stream.AbstractPipeline.wrapAndCopyInto(AbstractPipeline.java:499)
	at java.base/java.util.stream.ForEachOps$ForEachOp.evaluateSequential(ForEachOps.java:150)
	at java.base/java.util.stream.ForEachOps$ForEachOp$OfRef.evaluateSequential(ForEachOps.java:173)
	at java.base/java.util.stream.AbstractPipeline.evaluate(AbstractPipeline.java:234)
	at java.base/java.util.stream.ReferencePipeline.forEach(ReferencePipeline.java:596)
	at java.base/java.util.stream.ReferencePipeline$7$1.accept(ReferencePipeline.java:276)
	at java.base/java.util.ArrayList$ArrayListSpliterator.forEachRemaining(ArrayList.java:1625)
	at java.base/java.util.stream.AbstractPipeline.copyInto(AbstractPipeline.java:509)
	at java.base/java.util.stream.AbstractPipeline.wrapAndCopyInto(AbstractPipeline.java:499)
	at java.base/java.util.stream.ForEachOps$ForEachOp.evaluateSequential(ForEachOps.java:150)
	at java.base/java.util.stream.ForEachOps$ForEachOp$OfRef.evaluateSequential(ForEachOps.java:173)
	at java.base/java.util.stream.AbstractPipeline.evaluate(AbstractPipeline.java:234)
	at java.base/java.util.stream.ReferencePipeline.forEach(ReferencePipeline.java:596)
	at java.base/java.util.stream.ReferencePipeline$7$1.accept(ReferencePipeline.java:276)
	at java.base/java.util.stream.ReferencePipeline$3$1.accept(ReferencePipeline.java:197)
	at java.base/java.util.stream.ReferencePipeline$3$1.accept(ReferencePipeline.java:197)
	at java.base/java.util.stream.ReferencePipeline$3$1.accept(ReferencePipeline.java:197)
	at java.base/java.util.ArrayList$ArrayListSpliterator.forEachRemaining(ArrayList.java:1625)
	at java.base/java.util.stream.AbstractPipeline.copyInto(AbstractPipeline.java:509)
	at java.base/java.util.stream.AbstractPipeline.wrapAndCopyInto(AbstractPipeline.java:499)
	at java.base/java.util.stream.ForEachOps$ForEachOp.evaluateSequential(ForEachOps.java:150)
	at java.base/java.util.stream.ForEachOps$ForEachOp$OfRef.evaluateSequential(ForEachOps.java:173)
	at java.base/java.util.stream.AbstractPipeline.evaluate(AbstractPipeline.java:234)
	at java.base/java.util.stream.ReferencePipeline.forEach(ReferencePipeline.java:596)
	at java.base/java.util.stream.ReferencePipeline$7$1.accept(ReferencePipeline.java:276)
	at java.base/java.util.ArrayList$ArrayListSpliterator.forEachRemaining(ArrayList.java:1625)
	at java.base/java.util.stream.AbstractPipeline.copyInto(AbstractPipeline.java:509)
	at java.base/java.util.stream.AbstractPipeline.wrapAndCopyInto(AbstractPipeline.java:499)
	at java.base/java.util.stream.ForEachOps$ForEachOp.evaluateSequential(ForEachOps.java:150)
	at java.base/java.util.stream.ForEachOps$ForEachOp$OfRef.evaluateSequential(ForEachOps.java:173)
	at java.base/java.util.stream.AbstractPipeline.evaluate(AbstractPipeline.java:234)
	at java.base/java.util.stream.ReferencePipeline.forEach(ReferencePipeline.java:596)
	at java.base/java.util.ArrayList.forEach(ArrayList.java:1511)
	at java.base/java.util.ArrayList.forEach(ArrayList.java:1511)
]]></failure>
    <system-out><![CDATA[Error:
JIT session error: Symbols not found: [ putint ]
lli: Failed to materialize symbols: { (main, { main }) }

]]></system-out>
  </testcase>
  <testcase name="testFrontEnd(String)[1]" classname="cn.edu.nju.software.naivetest.TestFrontEnd" time="0.196">
    <system-err><![CDATA[0
]]></system-err>
  </testcase>
</testsuite>